[2022-04-21 09:55:21.849] [error] (query-editor)        Error: Unknown column 'voit_prix' in 'field list'
    at Packet.asError (/opt/Beekeeper Studio/resources/app.asar/node_modules/mysql2/lib/packets/packet.js:728:17)
    at Query.execute (/opt/Beekeeper Studio/resources/app.asar/node_modules/mysql2/lib/commands/command.js:29:26)
    at PoolConnection.handlePacket (/opt/Beekeeper Studio/resources/app.asar/node_modules/mysql2/lib/connection.js:456:32)
    at PacketParser.onPacket (/opt/Beekeeper Studio/resources/app.asar/node_modules/mysql2/lib/connection.js:85:12)
    at PacketParser.executeStart (/opt/Beekeeper Studio/resources/app.asar/node_modules/mysql2/lib/packet_parser.js:75:16)
    at Socket.<anonymous> (/opt/Beekeeper Studio/resources/app.asar/node_modules/mysql2/lib/connection.js:92:25)
    at Socket.emit (events.js:315:20)
    at addChunk (internal/streams/readable.js:309:12)
    at readableAddChunk (internal/streams/readable.js:284:9)
    at Socket.Readable.push (internal/streams/readable.js:223:10)
[2022-04-21 09:55:34.654] [error] (query-editor)        Error: Unknown column 'voit_prix' in 'field list'
    at Packet.asError (/opt/Beekeeper Studio/resources/app.asar/node_modules/mysql2/lib/packets/packet.js:728:17)
    at Query.execute (/opt/Beekeeper Studio/resources/app.asar/node_modules/mysql2/lib/commands/command.js:29:26)
    at PoolConnection.handlePacket (/opt/Beekeeper Studio/resources/app.asar/node_modules/mysql2/lib/connection.js:456:32)
    at PacketParser.onPacket (/opt/Beekeeper Studio/resources/app.asar/node_modules/mysql2/lib/connection.js:85:12)
    at PacketParser.executeStart (/opt/Beekeeper Studio/resources/app.asar/node_modules/mysql2/lib/packet_parser.js:75:16)
    at Socket.<anonymous> (/opt/Beekeeper Studio/resources/app.asar/node_modules/mysql2/lib/connection.js:92:25)
    at Socket.emit (events.js:315:20)
    at addChunk (internal/streams/readable.js:309:12)
    at readableAddChunk (internal/streams/readable.js:284:9)
    at Socket.Readable.push (internal/streams/readable.js:223:10)
[2022-04-21 09:56:32.506] [error] (query-editor)        Error: Unknown column 'voit_prix' in 'field list'
    at Packet.asError (/opt/Beekeeper Studio/resources/app.asar/node_modules/mysql2/lib/packets/packet.js:728:17)
    at Query.execute (/opt/Beekeeper Studio/resources/app.asar/node_modules/mysql2/lib/commands/command.js:29:26)
    at PoolConnection.handlePacket (/opt/Beekeeper Studio/resources/app.asar/node_modules/mysql2/lib/connection.js:456:32)
    at PacketParser.onPacket (/opt/Beekeeper Studio/resources/app.asar/node_modules/mysql2/lib/connection.js:85:12)
    at PacketParser.executeStart (/opt/Beekeeper Studio/resources/app.asar/node_modules/mysql2/lib/packet_parser.js:75:16)
    at Socket.<anonymous> (/opt/Beekeeper Studio/resources/app.asar/node_modules/mysql2/lib/connection.js:92:25)
    at Socket.emit (events.js:315:20)
    at addChunk (internal/streams/readable.js:309:12)
    at readableAddChunk (internal/streams/readable.js:284:9)
    at Socket.Readable.push (internal/streams/readable.js:223:10)
[2022-04-21 09:57:42.008] [error] (query-editor)        Error: Duplicate entry '1' for key 'PRIMARY'
    at Packet.asError (/opt/Beekeeper Studio/resources/app.asar/node_modules/mysql2/lib/packets/packet.js:728:17)
    at Query.execute (/opt/Beekeeper Studio/resources/app.asar/node_modules/mysql2/lib/commands/command.js:29:26)
    at PoolConnection.handlePacket (/opt/Beekeeper Studio/resources/app.asar/node_modules/mysql2/lib/connection.js:456:32)
    at PacketParser.onPacket (/opt/Beekeeper Studio/resources/app.asar/node_modules/mysql2/lib/connection.js:85:12)
    at PacketParser.executeStart (/opt/Beekeeper Studio/resources/app.asar/node_modules/mysql2/lib/packet_parser.js:75:16)
    at Socket.<anonymous> (/opt/Beekeeper Studio/resources/app.asar/node_modules/mysql2/lib/connection.js:92:25)
    at Socket.emit (events.js:315:20)
    at addChunk (internal/streams/readable.js:309:12)
    at readableAddChunk (internal/streams/readable.js:284:9)
    at Socket.Readable.push (internal/streams/readable.js:223:10)
[2022-04-21 09:58:08.075] [error] (query-editor)        Error: Duplicate entry '1' for key 'PRIMARY'
    at Packet.asError (/opt/Beekeeper Studio/resources/app.asar/node_modules/mysql2/lib/packets/packet.js:728:17)
    at Query.execute (/opt/Beekeeper Studio/resources/app.asar/node_modules/mysql2/lib/commands/command.js:29:26)
    at PoolConnection.handlePacket (/opt/Beekeeper Studio/resources/app.asar/node_modules/mysql2/lib/connection.js:456:32)
    at PacketParser.onPacket (/opt/Beekeeper Studio/resources/app.asar/node_modules/mysql2/lib/connection.js:85:12)
    at PacketParser.executeStart (/opt/Beekeeper Studio/resources/app.asar/node_modules/mysql2/lib/packet_parser.js:75:16)
    at Socket.<anonymous> (/opt/Beekeeper Studio/resources/app.asar/node_modules/mysql2/lib/connection.js:92:25)
    at Socket.emit (events.js:315:20)
    at addChunk (internal/streams/readable.js:309:12)
    at readableAddChunk (internal/streams/readable.js:284:9)
    at Socket.Readable.push (internal/streams/readable.js:223:10)
[2022-04-21 10:00:32.765] [error] (query-editor)        Error: Duplicate entry '1' for key 'PRIMARY'
    at Packet.asError (/opt/Beekeeper Studio/resources/app.asar/node_modules/mysql2/lib/packets/packet.js:728:17)
    at Query.execute (/opt/Beekeeper Studio/resources/app.asar/node_modules/mysql2/lib/commands/command.js:29:26)
    at PoolConnection.handlePacket (/opt/Beekeeper Studio/resources/app.asar/node_modules/mysql2/lib/connection.js:456:32)
    at PacketParser.onPacket (/opt/Beekeeper Studio/resources/app.asar/node_modules/mysql2/lib/connection.js:85:12)
    at PacketParser.executeStart (/opt/Beekeeper Studio/resources/app.asar/node_modules/mysql2/lib/packet_parser.js:75:16)
    at Socket.<anonymous> (/opt/Beekeeper Studio/resources/app.asar/node_modules/mysql2/lib/connection.js:92:25)
    at Socket.emit (events.js:315:20)
    at addChunk (internal/streams/readable.js:309:12)
    at readableAddChunk (internal/streams/readable.js:284:9)
    at Socket.Readable.push (internal/streams/readable.js:223:10)
[2022-04-21 10:05:36.556] [error] (mysql)               query exception:  Error: Duplicate entry '1' for key 'PRIMARY'
    at Packet.asError (/opt/Beekeeper Studio/resources/app.asar/node_modules/mysql2/lib/packets/packet.js:728:17)
    at Query.execute (/opt/Beekeeper Studio/resources/app.asar/node_modules/mysql2/lib/commands/command.js:29:26)
    at PoolConnection.handlePacket (/opt/Beekeeper Studio/resources/app.asar/node_modules/mysql2/lib/connection.js:456:32)
    at PacketParser.onPacket (/opt/Beekeeper Studio/resources/app.asar/node_modules/mysql2/lib/connection.js:85:12)
    at PacketParser.executeStart (/opt/Beekeeper Studio/resources/app.asar/node_modules/mysql2/lib/packet_parser.js:75:16)
    at Socket.<anonymous> (/opt/Beekeeper Studio/resources/app.asar/node_modules/mysql2/lib/connection.js:92:25)
    at Socket.emit (events.js:315:20)
    at addChunk (internal/streams/readable.js:309:12)
    at readableAddChunk (internal/streams/readable.js:284:9)
    at Socket.Readable.push (internal/streams/readable.js:223:10)
[2022-04-21 10:05:55.768] [error] (mysql)               query exception:  Error: Table 'test.voiture' doesn't exist
    at Packet.asError (/opt/Beekeeper Studio/resources/app.asar/node_modules/mysql2/lib/packets/packet.js:728:17)
    at Query.execute (/opt/Beekeeper Studio/resources/app.asar/node_modules/mysql2/lib/commands/command.js:29:26)
    at PoolConnection.handlePacket (/opt/Beekeeper Studio/resources/app.asar/node_modules/mysql2/lib/connection.js:456:32)
    at PacketParser.onPacket (/opt/Beekeeper Studio/resources/app.asar/node_modules/mysql2/lib/connection.js:85:12)
    at PacketParser.executeStart (/opt/Beekeeper Studio/resources/app.asar/node_modules/mysql2/lib/packet_parser.js:75:16)
    at Socket.<anonymous> (/opt/Beekeeper Studio/resources/app.asar/node_modules/mysql2/lib/connection.js:92:25)
    at Socket.emit (events.js:315:20)
    at addChunk (internal/streams/readable.js:309:12)
    at readableAddChunk (internal/streams/readable.js:284:9)
    at Socket.Readable.push (internal/streams/readable.js:223:10)
[2022-04-21 10:11:41.581] [error] (query-editor)        Error: Can't create database 'garage'; database exists
    at Packet.asError (/opt/Beekeeper Studio/resources/app.asar/node_modules/mysql2/lib/packets/packet.js:728:17)
    at Query.execute (/opt/Beekeeper Studio/resources/app.asar/node_modules/mysql2/lib/commands/command.js:29:26)
    at PoolConnection.handlePacket (/opt/Beekeeper Studio/resources/app.asar/node_modules/mysql2/lib/connection.js:456:32)
    at PacketParser.onPacket (/opt/Beekeeper Studio/resources/app.asar/node_modules/mysql2/lib/connection.js:85:12)
    at PacketParser.executeStart (/opt/Beekeeper Studio/resources/app.asar/node_modules/mysql2/lib/packet_parser.js:75:16)
    at Socket.<anonymous> (/opt/Beekeeper Studio/resources/app.asar/node_modules/mysql2/lib/connection.js:92:25)
    at Socket.emit (events.js:315:20)
    at addChunk (internal/streams/readable.js:309:12)
    at readableAddChunk (internal/streams/readable.js:284:9)
    at Socket.Readable.push (internal/streams/readable.js:223:10)
[2022-04-21 10:18:37.537] [error] (query-editor)        Error: Can't drop database 'garage'; database doesn't exist
    at Packet.asError (/opt/Beekeeper Studio/resources/app.asar/node_modules/mysql2/lib/packets/packet.js:728:17)
    at Query.execute (/opt/Beekeeper Studio/resources/app.asar/node_modules/mysql2/lib/commands/command.js:29:26)
    at PoolConnection.handlePacket (/opt/Beekeeper Studio/resources/app.asar/node_modules/mysql2/lib/connection.js:456:32)
    at PacketParser.onPacket (/opt/Beekeeper Studio/resources/app.asar/node_modules/mysql2/lib/connection.js:85:12)
    at PacketParser.executeStart (/opt/Beekeeper Studio/resources/app.asar/node_modules/mysql2/lib/packet_parser.js:75:16)
    at Socket.<anonymous> (/opt/Beekeeper Studio/resources/app.asar/node_modules/mysql2/lib/connection.js:92:25)
    at Socket.emit (events.js:315:20)
    at addChunk (internal/streams/readable.js:309:12)
    at readableAddChunk (internal/streams/readable.js:284:9)
    at Socket.Readable.push (internal/streams/readable.js:223:10)
[2022-04-21 12:02:25.313] [error] (query-editor)        Error: Unknown column 'client_cli_id' in 'on clause'
    at Packet.asError (/opt/Beekeeper Studio/resources/app.asar/node_modules/mysql2/lib/packets/packet.js:728:17)
    at Query.execute (/opt/Beekeeper Studio/resources/app.asar/node_modules/mysql2/lib/commands/command.js:29:26)
    at PoolConnection.handlePacket (/opt/Beekeeper Studio/resources/app.asar/node_modules/mysql2/lib/connection.js:456:32)
    at PacketParser.onPacket (/opt/Beekeeper Studio/resources/app.asar/node_modules/mysql2/lib/connection.js:85:12)
    at PacketParser.executeStart (/opt/Beekeeper Studio/resources/app.asar/node_modules/mysql2/lib/packet_parser.js:75:16)
    at Socket.<anonymous> (/opt/Beekeeper Studio/resources/app.asar/node_modules/mysql2/lib/connection.js:92:25)
    at Socket.emit (events.js:315:20)
    at addChunk (internal/streams/readable.js:309:12)
    at readableAddChunk (internal/streams/readable.js:284:9)
    at Socket.Readable.push (internal/streams/readable.js:223:10)
[2022-04-21 12:02:34.234] [error] (query-editor)        Error: You have an error in your SQL syntax; check the manual that corresponds to your MariaDB server version for the right syntax to use near '~' at line 1
    at Packet.asError (/opt/Beekeeper Studio/resources/app.asar/node_modules/mysql2/lib/packets/packet.js:728:17)
    at Query.execute (/opt/Beekeeper Studio/resources/app.asar/node_modules/mysql2/lib/commands/command.js:29:26)
    at PoolConnection.handlePacket (/opt/Beekeeper Studio/resources/app.asar/node_modules/mysql2/lib/connection.js:456:32)
    at PacketParser.onPacket (/opt/Beekeeper Studio/resources/app.asar/node_modules/mysql2/lib/connection.js:85:12)
    at PacketParser.executeStart (/opt/Beekeeper Studio/resources/app.asar/node_modules/mysql2/lib/packet_parser.js:75:16)
    at Socket.<anonymous> (/opt/Beekeeper Studio/resources/app.asar/node_modules/mysql2/lib/connection.js:92:25)
    at Socket.emit (events.js:315:20)
    at addChunk (internal/streams/readable.js:309:12)
    at readableAddChunk (internal/streams/readable.js:284:9)
    at Socket.Readable.push (internal/streams/readable.js:223:10)
[2022-04-21 12:31:12.940] [error] (query-editor)        Error: You have an error in your SQL syntax; check the manual that corresponds to your MariaDB server version for the right syntax to use near 'JOIN hotel ON station.sta_id = hotel.hot_sta_id
GROUP BY sta_nom' at line 2
    at Packet.asError (/opt/Beekeeper Studio/resources/app.asar/node_modules/mysql2/lib/packets/packet.js:728:17)
    at Query.execute (/opt/Beekeeper Studio/resources/app.asar/node_modules/mysql2/lib/commands/command.js:29:26)
    at PoolConnection.handlePacket (/opt/Beekeeper Studio/resources/app.asar/node_modules/mysql2/lib/connection.js:456:32)
    at PacketParser.onPacket (/opt/Beekeeper Studio/resources/app.asar/node_modules/mysql2/lib/connection.js:85:12)
    at PacketParser.executeStart (/opt/Beekeeper Studio/resources/app.asar/node_modules/mysql2/lib/packet_parser.js:75:16)
    at Socket.<anonymous> (/opt/Beekeeper Studio/resources/app.asar/node_modules/mysql2/lib/connection.js:92:25)
    at Socket.emit (events.js:315:20)
    at addChunk (internal/streams/readable.js:309:12)
    at readableAddChunk (internal/streams/readable.js:284:9)
    at Socket.Readable.push (internal/streams/readable.js:223:10)
[2022-04-21 12:39:46.619] [error] (query-editor)        Error: You have an error in your SQL syntax; check the manual that corresponds to your MariaDB server version for the right syntax to use near 'JOIN hotel ON station.sta_id = hotel.hot_sta_id
JOIN chambre ON hotel.hot_id ...' at line 4
    at Packet.asError (/opt/Beekeeper Studio/resources/app.asar/node_modules/mysql2/lib/packets/packet.js:728:17)
    at Query.execute (/opt/Beekeeper Studio/resources/app.asar/node_modules/mysql2/lib/commands/command.js:29:26)
    at PoolConnection.handlePacket (/opt/Beekeeper Studio/resources/app.asar/node_modules/mysql2/lib/connection.js:456:32)
    at PacketParser.onPacket (/opt/Beekeeper Studio/resources/app.asar/node_modules/mysql2/lib/connection.js:85:12)
    at PacketParser.executeStart (/opt/Beekeeper Studio/resources/app.asar/node_modules/mysql2/lib/packet_parser.js:75:16)
    at Socket.<anonymous> (/opt/Beekeeper Studio/resources/app.asar/node_modules/mysql2/lib/connection.js:92:25)
    at Socket.emit (events.js:315:20)
    at addChunk (internal/streams/readable.js:309:12)
    at readableAddChunk (internal/streams/readable.js:284:9)
    at Socket.Readable.push (internal/streams/readable.js:223:10)
[2022-04-21 12:49:30.678] [error] (query-editor)        Error: Unknown column 'hot_nom_as' in 'field list'
    at Packet.asError (/opt/Beekeeper Studio/resources/app.asar/node_modules/mysql2/lib/packets/packet.js:728:17)
    at Query.execute (/opt/Beekeeper Studio/resources/app.asar/node_modules/mysql2/lib/commands/command.js:29:26)
    at PoolConnection.handlePacket (/opt/Beekeeper Studio/resources/app.asar/node_modules/mysql2/lib/connection.js:456:32)
    at PacketParser.onPacket (/opt/Beekeeper Studio/resources/app.asar/node_modules/mysql2/lib/connection.js:85:12)
    at PacketParser.executeStart (/opt/Beekeeper Studio/resources/app.asar/node_modules/mysql2/lib/packet_parser.js:75:16)
    at Socket.<anonymous> (/opt/Beekeeper Studio/resources/app.asar/node_modules/mysql2/lib/connection.js:92:25)
    at Socket.emit (events.js:315:20)
    at addChunk (internal/streams/readable.js:309:12)
    at readableAddChunk (internal/streams/readable.js:284:9)
    at Socket.Readable.push (internal/streams/readable.js:223:10)
[2022-04-21 12:49:41.784] [error] (query-editor)        Error: Unknown column 'chambre.cha_res_id' in 'on clause'
    at Packet.asError (/opt/Beekeeper Studio/resources/app.asar/node_modules/mysql2/lib/packets/packet.js:728:17)
    at Query.execute (/opt/Beekeeper Studio/resources/app.asar/node_modules/mysql2/lib/commands/command.js:29:26)
    at PoolConnection.handlePacket (/opt/Beekeeper Studio/resources/app.asar/node_modules/mysql2/lib/connection.js:456:32)
    at PacketParser.onPacket (/opt/Beekeeper Studio/resources/app.asar/node_modules/mysql2/lib/connection.js:85:12)
    at PacketParser.executeStart (/opt/Beekeeper Studio/resources/app.asar/node_modules/mysql2/lib/packet_parser.js:75:16)
    at Socket.<anonymous> (/opt/Beekeeper Studio/resources/app.asar/node_modules/mysql2/lib/connection.js:92:25)
    at Socket.emit (events.js:315:20)
    at addChunk (internal/streams/readable.js:309:12)
    at readableAddChunk (internal/streams/readable.js:284:9)
    at Socket.Readable.push (internal/streams/readable.js:223:10)
[2022-04-21 12:49:54.010] [error] (query-editor)        Error: You have an error in your SQL syntax; check the manual that corresponds to your MariaDB server version for the right syntax to use near '~' at line 1
    at Packet.asError (/opt/Beekeeper Studio/resources/app.asar/node_modules/mysql2/lib/packets/packet.js:728:17)
    at Query.execute (/opt/Beekeeper Studio/resources/app.asar/node_modules/mysql2/lib/commands/command.js:29:26)
    at PoolConnection.handlePacket (/opt/Beekeeper Studio/resources/app.asar/node_modules/mysql2/lib/connection.js:456:32)
    at PacketParser.onPacket (/opt/Beekeeper Studio/resources/app.asar/node_modules/mysql2/lib/connection.js:85:12)
    at PacketParser.executeStart (/opt/Beekeeper Studio/resources/app.asar/node_modules/mysql2/lib/packet_parser.js:75:16)
    at Socket.<anonymous> (/opt/Beekeeper Studio/resources/app.asar/node_modules/mysql2/lib/connection.js:92:25)
    at Socket.emit (events.js:315:20)
    at addChunk (internal/streams/readable.js:309:12)
    at readableAddChunk (internal/streams/readable.js:284:9)
    at Socket.Readable.push (internal/streams/readable.js:223:10)
[2022-04-21 14:01:06.738] [error] (mysql)               query exception:  Error: Cannot add or update a child row: a foreign key constraint fails (`hotel`.`reservation`, CONSTRAINT `reservation_ibfk_1` FOREIGN KEY (`res_cha_id`) REFERENCES `chambre` (`cha_id`))
    at Packet.asError (/opt/Beekeeper Studio/resources/app.asar/node_modules/mysql2/lib/packets/packet.js:728:17)
    at Query.execute (/opt/Beekeeper Studio/resources/app.asar/node_modules/mysql2/lib/commands/command.js:29:26)
    at PoolConnection.handlePacket (/opt/Beekeeper Studio/resources/app.asar/node_modules/mysql2/lib/connection.js:456:32)
    at PacketParser.onPacket (/opt/Beekeeper Studio/resources/app.asar/node_modules/mysql2/lib/connection.js:85:12)
    at PacketParser.executeStart (/opt/Beekeeper Studio/resources/app.asar/node_modules/mysql2/lib/packet_parser.js:75:16)
    at Socket.<anonymous> (/opt/Beekeeper Studio/resources/app.asar/node_modules/mysql2/lib/connection.js:92:25)
    at Socket.emit (events.js:315:20)
    at addChunk (internal/streams/readable.js:309:12)
    at readableAddChunk (internal/streams/readable.js:284:9)
    at Socket.Readable.push (internal/streams/readable.js:223:10)
[2022-04-21 14:08:44.503] [error] (query-editor)        Error: You have an error in your SQL syntax; check the manual that corresponds to your MariaDB server version for the right syntax to use near ')
from station' at line 7
    at Packet.asError (/opt/Beekeeper Studio/resources/app.asar/node_modules/mysql2/lib/packets/packet.js:728:17)
    at Query.execute (/opt/Beekeeper Studio/resources/app.asar/node_modules/mysql2/lib/commands/command.js:29:26)
    at PoolConnection.handlePacket (/opt/Beekeeper Studio/resources/app.asar/node_modules/mysql2/lib/connection.js:456:32)
    at PacketParser.onPacket (/opt/Beekeeper Studio/resources/app.asar/node_modules/mysql2/lib/connection.js:85:12)
    at PacketParser.executeStart (/opt/Beekeeper Studio/resources/app.asar/node_modules/mysql2/lib/packet_parser.js:75:16)
    at Socket.<anonymous> (/opt/Beekeeper Studio/resources/app.asar/node_modules/mysql2/lib/connection.js:92:25)
    at Socket.emit (events.js:315:20)
    at addChunk (internal/streams/readable.js:309:12)
    at readableAddChunk (internal/streams/readable.js:284:9)
    at Socket.Readable.push (internal/streams/readable.js:223:10)
[2022-04-21 14:08:59.554] [error] (query-editor)        Error: You have an error in your SQL syntax; check the manual that corresponds to your MariaDB server version for the right syntax to use near ')
from station' at line 7
    at Packet.asError (/opt/Beekeeper Studio/resources/app.asar/node_modules/mysql2/lib/packets/packet.js:728:17)
    at Query.execute (/opt/Beekeeper Studio/resources/app.asar/node_modules/mysql2/lib/commands/command.js:29:26)
    at PoolConnection.handlePacket (/opt/Beekeeper Studio/resources/app.asar/node_modules/mysql2/lib/connection.js:456:32)
    at PacketParser.onPacket (/opt/Beekeeper Studio/resources/app.asar/node_modules/mysql2/lib/connection.js:85:12)
    at PacketParser.executeStart (/opt/Beekeeper Studio/resources/app.asar/node_modules/mysql2/lib/packet_parser.js:75:16)
    at Socket.<anonymous> (/opt/Beekeeper Studio/resources/app.asar/node_modules/mysql2/lib/connection.js:92:25)
    at Socket.emit (events.js:315:20)
    at addChunk (internal/streams/readable.js:309:12)
    at readableAddChunk (internal/streams/readable.js:284:9)
    at Socket.Readable.push (internal/streams/readable.js:223:10)
[2022-04-21 14:10:42.371] [error] (query-editor)        Error: You have an error in your SQL syntax; check the manual that corresponds to your MariaDB server version for the right syntax to use near 'group by sta_nom' at line 5
    at Packet.asError (/opt/Beekeeper Studio/resources/app.asar/node_modules/mysql2/lib/packets/packet.js:728:17)
    at Query.execute (/opt/Beekeeper Studio/resources/app.asar/node_modules/mysql2/lib/commands/command.js:29:26)
    at PoolConnection.handlePacket (/opt/Beekeeper Studio/resources/app.asar/node_modules/mysql2/lib/connection.js:456:32)
    at PacketParser.onPacket (/opt/Beekeeper Studio/resources/app.asar/node_modules/mysql2/lib/connection.js:85:12)
    at PacketParser.executeStart (/opt/Beekeeper Studio/resources/app.asar/node_modules/mysql2/lib/packet_parser.js:75:16)
    at Socket.<anonymous> (/opt/Beekeeper Studio/resources/app.asar/node_modules/mysql2/lib/connection.js:92:25)
    at Socket.emit (events.js:315:20)
    at addChunk (internal/streams/readable.js:309:12)
    at readableAddChunk (internal/streams/readable.js:284:9)
    at Socket.Readable.push (internal/streams/readable.js:223:10)
[2022-04-21 14:11:23.208] [error] (query-editor)        Error: Not unique table/alias: 'station'
    at Packet.asError (/opt/Beekeeper Studio/resources/app.asar/node_modules/mysql2/lib/packets/packet.js:728:17)
    at Query.execute (/opt/Beekeeper Studio/resources/app.asar/node_modules/mysql2/lib/commands/command.js:29:26)
    at PoolConnection.handlePacket (/opt/Beekeeper Studio/resources/app.asar/node_modules/mysql2/lib/connection.js:456:32)
    at PacketParser.onPacket (/opt/Beekeeper Studio/resources/app.asar/node_modules/mysql2/lib/connection.js:85:12)
    at PacketParser.executeStart (/opt/Beekeeper Studio/resources/app.asar/node_modules/mysql2/lib/packet_parser.js:75:16)
    at Socket.<anonymous> (/opt/Beekeeper Studio/resources/app.asar/node_modules/mysql2/lib/connection.js:92:25)
    at Socket.emit (events.js:315:20)
    at addChunk (internal/streams/readable.js:309:12)
    at readableAddChunk (internal/streams/readable.js:284:9)
    at Socket.Readable.push (internal/streams/readable.js:223:10)
[2022-04-21 14:11:55.807] [error] (query-editor)        Error: You have an error in your SQL syntax; check the manual that corresponds to your MariaDB server version for the right syntax to use near 'group by sta_nom' at line 6
    at Packet.asError (/opt/Beekeeper Studio/resources/app.asar/node_modules/mysql2/lib/packets/packet.js:728:17)
    at Query.execute (/opt/Beekeeper Studio/resources/app.asar/node_modules/mysql2/lib/commands/command.js:29:26)
    at PoolConnection.handlePacket (/opt/Beekeeper Studio/resources/app.asar/node_modules/mysql2/lib/connection.js:456:32)
    at PacketParser.onPacket (/opt/Beekeeper Studio/resources/app.asar/node_modules/mysql2/lib/connection.js:85:12)
    at PacketParser.executeStart (/opt/Beekeeper Studio/resources/app.asar/node_modules/mysql2/lib/packet_parser.js:75:16)
    at Socket.<anonymous> (/opt/Beekeeper Studio/resources/app.asar/node_modules/mysql2/lib/connection.js:92:25)
    at Socket.emit (events.js:315:20)
    at addChunk (internal/streams/readable.js:309:12)
    at readableAddChunk (internal/streams/readable.js:284:9)
    at Socket.Readable.push (internal/streams/readable.js:223:10)
[2022-04-22 09:17:44.997] [error] (query-editor)        Error: Invalid use of group function
    at Packet.asError (/opt/Beekeeper Studio/resources/app.asar/node_modules/mysql2/lib/packets/packet.js:728:17)
    at Query.execute (/opt/Beekeeper Studio/resources/app.asar/node_modules/mysql2/lib/commands/command.js:29:26)
    at PoolConnection.handlePacket (/opt/Beekeeper Studio/resources/app.asar/node_modules/mysql2/lib/connection.js:456:32)
    at PacketParser.onPacket (/opt/Beekeeper Studio/resources/app.asar/node_modules/mysql2/lib/connection.js:85:12)
    at PacketParser.executeStart (/opt/Beekeeper Studio/resources/app.asar/node_modules/mysql2/lib/packet_parser.js:75:16)
    at Socket.<anonymous> (/opt/Beekeeper Studio/resources/app.asar/node_modules/mysql2/lib/connection.js:92:25)
    at Socket.emit (events.js:315:20)
    at addChunk (internal/streams/readable.js:309:12)
    at readableAddChunk (internal/streams/readable.js:284:9)
    at Socket.Readable.push (internal/streams/readable.js:223:10)
[2022-04-22 09:21:05.612] [error] (query-editor)        Error: You have an error in your SQL syntax; check the manual that corresponds to your MariaDB server version for the right syntax to use near 'count(select count(numcom) from entcom group by numfou)' at line 3
    at Packet.asError (/opt/Beekeeper Studio/resources/app.asar/node_modules/mysql2/lib/packets/packet.js:728:17)
    at Query.execute (/opt/Beekeeper Studio/resources/app.asar/node_modules/mysql2/lib/commands/command.js:29:26)
    at PoolConnection.handlePacket (/opt/Beekeeper Studio/resources/app.asar/node_modules/mysql2/lib/connection.js:456:32)
    at PacketParser.onPacket (/opt/Beekeeper Studio/resources/app.asar/node_modules/mysql2/lib/connection.js:85:12)
    at PacketParser.executeStart (/opt/Beekeeper Studio/resources/app.asar/node_modules/mysql2/lib/packet_parser.js:75:16)
    at Socket.<anonymous> (/opt/Beekeeper Studio/resources/app.asar/node_modules/mysql2/lib/connection.js:92:25)
    at Socket.emit (events.js:315:20)
    at addChunk (internal/streams/readable.js:309:12)
    at readableAddChunk (internal/streams/readable.js:284:9)
    at Socket.Readable.push (internal/streams/readable.js:223:10)
[2022-04-22 09:21:33.239] [error] (query-editor)        Error: The used SELECT statements have a different number of columns
    at Packet.asError (/opt/Beekeeper Studio/resources/app.asar/node_modules/mysql2/lib/packets/packet.js:728:17)
    at Query.execute (/opt/Beekeeper Studio/resources/app.asar/node_modules/mysql2/lib/commands/command.js:29:26)
    at PoolConnection.handlePacket (/opt/Beekeeper Studio/resources/app.asar/node_modules/mysql2/lib/connection.js:456:32)
    at PacketParser.onPacket (/opt/Beekeeper Studio/resources/app.asar/node_modules/mysql2/lib/connection.js:85:12)
    at PacketParser.executeStart (/opt/Beekeeper Studio/resources/app.asar/node_modules/mysql2/lib/packet_parser.js:75:16)
    at Socket.<anonymous> (/opt/Beekeeper Studio/resources/app.asar/node_modules/mysql2/lib/connection.js:92:25)
    at Socket.emit (events.js:315:20)
    at addChunk (internal/streams/readable.js:309:12)
    at readableAddChunk (internal/streams/readable.js:284:9)
    at Socket.Readable.push (internal/streams/readable.js:223:10)
[2022-04-22 09:22:12.089] [error] (query-editor)        Error: Invalid use of group function
    at Packet.asError (/opt/Beekeeper Studio/resources/app.asar/node_modules/mysql2/lib/packets/packet.js:728:17)
    at Query.execute (/opt/Beekeeper Studio/resources/app.asar/node_modules/mysql2/lib/commands/command.js:29:26)
    at PoolConnection.handlePacket (/opt/Beekeeper Studio/resources/app.asar/node_modules/mysql2/lib/connection.js:456:32)
    at PacketParser.onPacket (/opt/Beekeeper Studio/resources/app.asar/node_modules/mysql2/lib/connection.js:85:12)
    at PacketParser.executeStart (/opt/Beekeeper Studio/resources/app.asar/node_modules/mysql2/lib/packet_parser.js:75:16)
    at Socket.<anonymous> (/opt/Beekeeper Studio/resources/app.asar/node_modules/mysql2/lib/connection.js:92:25)
    at Socket.emit (events.js:315:20)
    at addChunk (internal/streams/readable.js:309:12)
    at readableAddChunk (internal/streams/readable.js:284:9)
    at Socket.Readable.push (internal/streams/readable.js:223:10)
[2022-04-22 09:22:18.005] [error] (query-editor)        Error: Invalid use of group function
    at Packet.asError (/opt/Beekeeper Studio/resources/app.asar/node_modules/mysql2/lib/packets/packet.js:728:17)
    at Query.execute (/opt/Beekeeper Studio/resources/app.asar/node_modules/mysql2/lib/commands/command.js:29:26)
    at PoolConnection.handlePacket (/opt/Beekeeper Studio/resources/app.asar/node_modules/mysql2/lib/connection.js:456:32)
    at PacketParser.onPacket (/opt/Beekeeper Studio/resources/app.asar/node_modules/mysql2/lib/connection.js:85:12)
    at PacketParser.executeStart (/opt/Beekeeper Studio/resources/app.asar/node_modules/mysql2/lib/packet_parser.js:75:16)
    at Socket.<anonymous> (/opt/Beekeeper Studio/resources/app.asar/node_modules/mysql2/lib/connection.js:92:25)
    at Socket.emit (events.js:315:20)
    at addChunk (internal/streams/readable.js:309:12)
    at readableAddChunk (internal/streams/readable.js:284:9)
    at Socket.Readable.push (internal/streams/readable.js:223:10)
[2022-04-22 09:22:32.235] [error] (query-editor)        Error: You have an error in your SQL syntax; check the manual that corresponds to your MariaDB server version for the right syntax to use near ') from entcom group by numfou' at line 3
    at Packet.asError (/opt/Beekeeper Studio/resources/app.asar/node_modules/mysql2/lib/packets/packet.js:728:17)
    at Query.execute (/opt/Beekeeper Studio/resources/app.asar/node_modules/mysql2/lib/commands/command.js:29:26)
    at PoolConnection.handlePacket (/opt/Beekeeper Studio/resources/app.asar/node_modules/mysql2/lib/connection.js:456:32)
    at PacketParser.onPacket (/opt/Beekeeper Studio/resources/app.asar/node_modules/mysql2/lib/connection.js:85:12)
    at PacketParser.executeStart (/opt/Beekeeper Studio/resources/app.asar/node_modules/mysql2/lib/packet_parser.js:75:16)
    at Socket.<anonymous> (/opt/Beekeeper Studio/resources/app.asar/node_modules/mysql2/lib/connection.js:92:25)
    at Socket.emit (events.js:315:20)
    at addChunk (internal/streams/readable.js:309:12)
    at readableAddChunk (internal/streams/readable.js:284:9)
    at Socket.Readable.push (internal/streams/readable.js:223:10)
[2022-04-22 09:22:33.467] [error] (query-editor)        Error: You have an error in your SQL syntax; check the manual that corresponds to your MariaDB server version for the right syntax to use near ') from entcom group by numfou' at line 3
    at Packet.asError (/opt/Beekeeper Studio/resources/app.asar/node_modules/mysql2/lib/packets/packet.js:728:17)
    at Query.execute (/opt/Beekeeper Studio/resources/app.asar/node_modules/mysql2/lib/commands/command.js:29:26)
    at PoolConnection.handlePacket (/opt/Beekeeper Studio/resources/app.asar/node_modules/mysql2/lib/connection.js:456:32)
    at PacketParser.onPacket (/opt/Beekeeper Studio/resources/app.asar/node_modules/mysql2/lib/connection.js:85:12)
    at PacketParser.executeStart (/opt/Beekeeper Studio/resources/app.asar/node_modules/mysql2/lib/packet_parser.js:75:16)
    at Socket.<anonymous> (/opt/Beekeeper Studio/resources/app.asar/node_modules/mysql2/lib/connection.js:92:25)
    at Socket.emit (events.js:315:20)
    at addChunk (internal/streams/readable.js:309:12)
    at readableAddChunk (internal/streams/readable.js:284:9)
    at Socket.Readable.push (internal/streams/readable.js:223:10)
[2022-04-22 09:22:59.558] [error] (query-editor)        Error: You have an error in your SQL syntax; check the manual that corresponds to your MariaDB server version for the right syntax to use near '--select distinct count(numfou) from entcom group by numfou' at line 1
    at Packet.asError (/opt/Beekeeper Studio/resources/app.asar/node_modules/mysql2/lib/packets/packet.js:728:17)
    at Query.execute (/opt/Beekeeper Studio/resources/app.asar/node_modules/mysql2/lib/commands/command.js:29:26)
    at PoolConnection.handlePacket (/opt/Beekeeper Studio/resources/app.asar/node_modules/mysql2/lib/connection.js:456:32)
    at PacketParser.onPacket (/opt/Beekeeper Studio/resources/app.asar/node_modules/mysql2/lib/connection.js:85:12)
    at PacketParser.executeStart (/opt/Beekeeper Studio/resources/app.asar/node_modules/mysql2/lib/packet_parser.js:75:16)
    at Socket.<anonymous> (/opt/Beekeeper Studio/resources/app.asar/node_modules/mysql2/lib/connection.js:92:25)
    at Socket.emit (events.js:315:20)
    at addChunk (internal/streams/readable.js:309:12)
    at readableAddChunk (internal/streams/readable.js:284:9)
    at Socket.Readable.push (internal/streams/readable.js:223:10)
[2022-04-22 09:29:23.247] [error] (query-editor)        Error: The used SELECT statements have a different number of columns
    at Packet.asError (/opt/Beekeeper Studio/resources/app.asar/node_modules/mysql2/lib/packets/packet.js:728:17)
    at Query.execute (/opt/Beekeeper Studio/resources/app.asar/node_modules/mysql2/lib/commands/command.js:29:26)
    at PoolConnection.handlePacket (/opt/Beekeeper Studio/resources/app.asar/node_modules/mysql2/lib/connection.js:456:32)
    at PacketParser.onPacket (/opt/Beekeeper Studio/resources/app.asar/node_modules/mysql2/lib/connection.js:85:12)
    at PacketParser.executeStart (/opt/Beekeeper Studio/resources/app.asar/node_modules/mysql2/lib/packet_parser.js:75:16)
    at Socket.<anonymous> (/opt/Beekeeper Studio/resources/app.asar/node_modules/mysql2/lib/connection.js:92:25)
    at Socket.emit (events.js:315:20)
    at addChunk (internal/streams/readable.js:309:12)
    at readableAddChunk (internal/streams/readable.js:284:9)
    at Socket.Readable.push (internal/streams/readable.js:223:10)
[2022-04-22 09:30:21.029] [error] (query-editor)        Error: Subquery returns more than 1 row
    at Packet.asError (/opt/Beekeeper Studio/resources/app.asar/node_modules/mysql2/lib/packets/packet.js:728:17)
    at Query.execute (/opt/Beekeeper Studio/resources/app.asar/node_modules/mysql2/lib/commands/command.js:29:26)
    at PoolConnection.handlePacket (/opt/Beekeeper Studio/resources/app.asar/node_modules/mysql2/lib/connection.js:456:32)
    at PacketParser.onPacket (/opt/Beekeeper Studio/resources/app.asar/node_modules/mysql2/lib/connection.js:85:12)
    at PacketParser.executeStart (/opt/Beekeeper Studio/resources/app.asar/node_modules/mysql2/lib/packet_parser.js:75:16)
    at Socket.<anonymous> (/opt/Beekeeper Studio/resources/app.asar/node_modules/mysql2/lib/connection.js:92:25)
    at Socket.emit (events.js:315:20)
    at addChunk (internal/streams/readable.js:309:12)
    at readableAddChunk (internal/streams/readable.js:284:9)
    at Socket.Readable.push (internal/streams/readable.js:223:10)
[2022-04-22 09:30:39.980] [error] (query-editor)        Error: Subquery returns more than 1 row
    at Packet.asError (/opt/Beekeeper Studio/resources/app.asar/node_modules/mysql2/lib/packets/packet.js:728:17)
    at Query.execute (/opt/Beekeeper Studio/resources/app.asar/node_modules/mysql2/lib/commands/command.js:29:26)
    at PoolConnection.handlePacket (/opt/Beekeeper Studio/resources/app.asar/node_modules/mysql2/lib/connection.js:456:32)
    at PacketParser.onPacket (/opt/Beekeeper Studio/resources/app.asar/node_modules/mysql2/lib/connection.js:85:12)
    at PacketParser.executeStart (/opt/Beekeeper Studio/resources/app.asar/node_modules/mysql2/lib/packet_parser.js:75:16)
    at Socket.<anonymous> (/opt/Beekeeper Studio/resources/app.asar/node_modules/mysql2/lib/connection.js:92:25)
    at Socket.emit (events.js:315:20)
    at addChunk (internal/streams/readable.js:309:12)
    at readableAddChunk (internal/streams/readable.js:284:9)
    at Socket.Readable.push (internal/streams/readable.js:223:10)
[2022-04-22 09:30:40.672] [error] (query-editor)        Error: Subquery returns more than 1 row
    at Packet.asError (/opt/Beekeeper Studio/resources/app.asar/node_modules/mysql2/lib/packets/packet.js:728:17)
    at Query.execute (/opt/Beekeeper Studio/resources/app.asar/node_modules/mysql2/lib/commands/command.js:29:26)
    at PoolConnection.handlePacket (/opt/Beekeeper Studio/resources/app.asar/node_modules/mysql2/lib/connection.js:456:32)
    at PacketParser.onPacket (/opt/Beekeeper Studio/resources/app.asar/node_modules/mysql2/lib/connection.js:85:12)
    at PacketParser.executeStart (/opt/Beekeeper Studio/resources/app.asar/node_modules/mysql2/lib/packet_parser.js:75:16)
    at Socket.<anonymous> (/opt/Beekeeper Studio/resources/app.asar/node_modules/mysql2/lib/connection.js:92:25)
    at Socket.emit (events.js:315:20)
    at addChunk (internal/streams/readable.js:309:12)
    at readableAddChunk (internal/streams/readable.js:284:9)
    at Socket.Readable.push (internal/streams/readable.js:223:10)
[2022-04-22 09:30:42.997] [error] (query-editor)        Error: You have an error in your SQL syntax; check the manual that corresponds to your MariaDB server version for the right syntax to use near 'count(numfou) from entcom group by numfou) as fou_count from entcom group by ...' at line 1
    at Packet.asError (/opt/Beekeeper Studio/resources/app.asar/node_modules/mysql2/lib/packets/packet.js:728:17)
    at Query.execute (/opt/Beekeeper Studio/resources/app.asar/node_modules/mysql2/lib/commands/command.js:29:26)
    at PoolConnection.handlePacket (/opt/Beekeeper Studio/resources/app.asar/node_modules/mysql2/lib/connection.js:456:32)
    at PacketParser.onPacket (/opt/Beekeeper Studio/resources/app.asar/node_modules/mysql2/lib/connection.js:85:12)
    at PacketParser.executeStart (/opt/Beekeeper Studio/resources/app.asar/node_modules/mysql2/lib/packet_parser.js:75:16)
    at Socket.<anonymous> (/opt/Beekeeper Studio/resources/app.asar/node_modules/mysql2/lib/connection.js:92:25)
    at Socket.emit (events.js:315:20)
    at addChunk (internal/streams/readable.js:309:12)
    at readableAddChunk (internal/streams/readable.js:284:9)
    at Socket.Readable.push (internal/streams/readable.js:223:10)
[2022-04-22 09:31:12.090] [error] (query-editor)        Error: Subquery returns more than 1 row
    at Packet.asError (/opt/Beekeeper Studio/resources/app.asar/node_modules/mysql2/lib/packets/packet.js:728:17)
    at Query.execute (/opt/Beekeeper Studio/resources/app.asar/node_modules/mysql2/lib/commands/command.js:29:26)
    at PoolConnection.handlePacket (/opt/Beekeeper Studio/resources/app.asar/node_modules/mysql2/lib/connection.js:456:32)
    at PacketParser.onPacket (/opt/Beekeeper Studio/resources/app.asar/node_modules/mysql2/lib/connection.js:85:12)
    at PacketParser.executeStart (/opt/Beekeeper Studio/resources/app.asar/node_modules/mysql2/lib/packet_parser.js:75:16)
    at Socket.<anonymous> (/opt/Beekeeper Studio/resources/app.asar/node_modules/mysql2/lib/connection.js:92:25)
    at Socket.emit (events.js:315:20)
    at addChunk (internal/streams/readable.js:309:12)
    at readableAddChunk (internal/streams/readable.js:284:9)
    at Socket.Readable.push (internal/streams/readable.js:223:10)
[2022-04-22 09:33:38.897] [error] (query-editor)        Error: You have an error in your SQL syntax; check the manual that corresponds to your MariaDB server version for the right syntax to use near 'column)
from entcom group by numfou' at line 1
    at Packet.asError (/opt/Beekeeper Studio/resources/app.asar/node_modules/mysql2/lib/packets/packet.js:728:17)
    at Query.execute (/opt/Beekeeper Studio/resources/app.asar/node_modules/mysql2/lib/commands/command.js:29:26)
    at PoolConnection.handlePacket (/opt/Beekeeper Studio/resources/app.asar/node_modules/mysql2/lib/connection.js:456:32)
    at PacketParser.onPacket (/opt/Beekeeper Studio/resources/app.asar/node_modules/mysql2/lib/connection.js:85:12)
    at PacketParser.executeStart (/opt/Beekeeper Studio/resources/app.asar/node_modules/mysql2/lib/packet_parser.js:75:16)
    at Socket.<anonymous> (/opt/Beekeeper Studio/resources/app.asar/node_modules/mysql2/lib/connection.js:92:25)
    at Socket.emit (events.js:315:20)
    at addChunk (internal/streams/readable.js:309:12)
    at readableAddChunk (internal/streams/readable.js:284:9)
    at Socket.Readable.push (internal/streams/readable.js:223:10)
[2022-04-22 09:57:04.231] [error] (query-editor)        Error: Unknown column 'dep' in 'where clause'
    at Packet.asError (/opt/Beekeeper Studio/resources/app.asar/node_modules/mysql2/lib/packets/packet.js:728:17)
    at Query.execute (/opt/Beekeeper Studio/resources/app.asar/node_modules/mysql2/lib/commands/command.js:29:26)
    at PoolConnection.handlePacket (/opt/Beekeeper Studio/resources/app.asar/node_modules/mysql2/lib/connection.js:456:32)
    at PacketParser.onPacket (/opt/Beekeeper Studio/resources/app.asar/node_modules/mysql2/lib/connection.js:85:12)
    at PacketParser.executeStart (/opt/Beekeeper Studio/resources/app.asar/node_modules/mysql2/lib/packet_parser.js:75:16)
    at Socket.<anonymous> (/opt/Beekeeper Studio/resources/app.asar/node_modules/mysql2/lib/connection.js:92:25)
    at Socket.emit (events.js:315:20)
    at addChunk (internal/streams/readable.js:309:12)
    at readableAddChunk (internal/streams/readable.js:284:9)
    at Socket.Readable.push (internal/streams/readable.js:223:10)
[2022-04-22 09:57:14.098] [error] (query-editor)        Error: You have an error in your SQL syntax; check the manual that corresponds to your MariaDB server version for the right syntax to use near 'in (75, 78, 92, 77)
order by dep desc, nomfou asc' at line 3
    at Packet.asError (/opt/Beekeeper Studio/resources/app.asar/node_modules/mysql2/lib/packets/packet.js:728:17)
    at Query.execute (/opt/Beekeeper Studio/resources/app.asar/node_modules/mysql2/lib/commands/command.js:29:26)
    at PoolConnection.handlePacket (/opt/Beekeeper Studio/resources/app.asar/node_modules/mysql2/lib/connection.js:456:32)
    at PacketParser.onPacket (/opt/Beekeeper Studio/resources/app.asar/node_modules/mysql2/lib/connection.js:85:12)
    at PacketParser.executeStart (/opt/Beekeeper Studio/resources/app.asar/node_modules/mysql2/lib/packet_parser.js:75:16)
    at Socket.<anonymous> (/opt/Beekeeper Studio/resources/app.asar/node_modules/mysql2/lib/connection.js:92:25)
    at Socket.emit (events.js:315:20)
    at addChunk (internal/streams/readable.js:309:12)
    at readableAddChunk (internal/streams/readable.js:284:9)
    at Socket.Readable.push (internal/streams/readable.js:223:10)
[2022-04-22 09:57:49.443] [error] (query-editor)        Error: Unknown column 'dep' in 'order clause'
    at Packet.asError (/opt/Beekeeper Studio/resources/app.asar/node_modules/mysql2/lib/packets/packet.js:728:17)
    at Query.execute (/opt/Beekeeper Studio/resources/app.asar/node_modules/mysql2/lib/commands/command.js:29:26)
    at PoolConnection.handlePacket (/opt/Beekeeper Studio/resources/app.asar/node_modules/mysql2/lib/connection.js:456:32)
    at PacketParser.onPacket (/opt/Beekeeper Studio/resources/app.asar/node_modules/mysql2/lib/connection.js:85:12)
    at PacketParser.executeStart (/opt/Beekeeper Studio/resources/app.asar/node_modules/mysql2/lib/packet_parser.js:75:16)
    at Socket.<anonymous> (/opt/Beekeeper Studio/resources/app.asar/node_modules/mysql2/lib/connection.js:92:25)
    at Socket.emit (events.js:315:20)
    at addChunk (internal/streams/readable.js:309:12)
    at readableAddChunk (internal/streams/readable.js:284:9)
    at Socket.Readable.push (internal/streams/readable.js:223:10)
[2022-04-22 10:26:04.799] [error] (query-editor)        Error: You have an error in your SQL syntax; check the manual that corresponds to your MariaDB server version for the right syntax to use near 'group by numcom' at line 4
    at Packet.asError (/opt/Beekeeper Studio/resources/app.asar/node_modules/mysql2/lib/packets/packet.js:728:17)
    at Query.execute (/opt/Beekeeper Studio/resources/app.asar/node_modules/mysql2/lib/commands/command.js:29:26)
    at PoolConnection.handlePacket (/opt/Beekeeper Studio/resources/app.asar/node_modules/mysql2/lib/connection.js:456:32)
    at PacketParser.onPacket (/opt/Beekeeper Studio/resources/app.asar/node_modules/mysql2/lib/connection.js:85:12)
    at PacketParser.executeStart (/opt/Beekeeper Studio/resources/app.asar/node_modules/mysql2/lib/packet_parser.js:75:16)
    at Socket.<anonymous> (/opt/Beekeeper Studio/resources/app.asar/node_modules/mysql2/lib/connection.js:92:25)
    at Socket.emit (events.js:315:20)
    at addChunk (internal/streams/readable.js:309:12)
    at readableAddChunk (internal/streams/readable.js:284:9)
    at Socket.Readable.push (internal/streams/readable.js:223:10)
[2022-04-22 10:36:54.519] [error] (query-editor)        Error: Invalid use of group function
    at Packet.asError (/opt/Beekeeper Studio/resources/app.asar/node_modules/mysql2/lib/packets/packet.js:728:17)
    at Query.execute (/opt/Beekeeper Studio/resources/app.asar/node_modules/mysql2/lib/commands/command.js:29:26)
    at PoolConnection.handlePacket (/opt/Beekeeper Studio/resources/app.asar/node_modules/mysql2/lib/connection.js:456:32)
    at PacketParser.onPacket (/opt/Beekeeper Studio/resources/app.asar/node_modules/mysql2/lib/connection.js:85:12)
    at PacketParser.executeStart (/opt/Beekeeper Studio/resources/app.asar/node_modules/mysql2/lib/packet_parser.js:75:16)
    at Socket.<anonymous> (/opt/Beekeeper Studio/resources/app.asar/node_modules/mysql2/lib/connection.js:92:25)
    at Socket.emit (events.js:315:20)
    at addChunk (internal/streams/readable.js:309:12)
    at readableAddChunk (internal/streams/readable.js:284:9)
    at Socket.Readable.push (internal/streams/readable.js:223:10)
[2022-04-22 10:37:01.505] [error] (query-editor)        Error: Invalid use of group function
    at Packet.asError (/opt/Beekeeper Studio/resources/app.asar/node_modules/mysql2/lib/packets/packet.js:728:17)
    at Query.execute (/opt/Beekeeper Studio/resources/app.asar/node_modules/mysql2/lib/commands/command.js:29:26)
    at PoolConnection.handlePacket (/opt/Beekeeper Studio/resources/app.asar/node_modules/mysql2/lib/connection.js:456:32)
    at PacketParser.onPacket (/opt/Beekeeper Studio/resources/app.asar/node_modules/mysql2/lib/connection.js:85:12)
    at PacketParser.executeStart (/opt/Beekeeper Studio/resources/app.asar/node_modules/mysql2/lib/packet_parser.js:75:16)
    at Socket.<anonymous> (/opt/Beekeeper Studio/resources/app.asar/node_modules/mysql2/lib/connection.js:92:25)
    at Socket.emit (events.js:315:20)
    at addChunk (internal/streams/readable.js:309:12)
    at readableAddChunk (internal/streams/readable.js:284:9)
    at Socket.Readable.push (internal/streams/readable.js:223:10)
[2022-04-22 10:37:03.278] [error] (query-editor)        Error: Invalid use of group function
    at Packet.asError (/opt/Beekeeper Studio/resources/app.asar/node_modules/mysql2/lib/packets/packet.js:728:17)
    at Query.execute (/opt/Beekeeper Studio/resources/app.asar/node_modules/mysql2/lib/commands/command.js:29:26)
    at PoolConnection.handlePacket (/opt/Beekeeper Studio/resources/app.asar/node_modules/mysql2/lib/connection.js:456:32)
    at PacketParser.onPacket (/opt/Beekeeper Studio/resources/app.asar/node_modules/mysql2/lib/connection.js:85:12)
    at PacketParser.executeStart (/opt/Beekeeper Studio/resources/app.asar/node_modules/mysql2/lib/packet_parser.js:75:16)
    at Socket.<anonymous> (/opt/Beekeeper Studio/resources/app.asar/node_modules/mysql2/lib/connection.js:92:25)
    at Socket.emit (events.js:315:20)
    at addChunk (internal/streams/readable.js:309:12)
    at readableAddChunk (internal/streams/readable.js:284:9)
    at Socket.Readable.push (internal/streams/readable.js:223:10)
[2022-04-22 10:37:04.877] [error] (query-editor)        Error: Invalid use of group function
    at Packet.asError (/opt/Beekeeper Studio/resources/app.asar/node_modules/mysql2/lib/packets/packet.js:728:17)
    at Query.execute (/opt/Beekeeper Studio/resources/app.asar/node_modules/mysql2/lib/commands/command.js:29:26)
    at PoolConnection.handlePacket (/opt/Beekeeper Studio/resources/app.asar/node_modules/mysql2/lib/connection.js:456:32)
    at PacketParser.onPacket (/opt/Beekeeper Studio/resources/app.asar/node_modules/mysql2/lib/connection.js:85:12)
    at PacketParser.executeStart (/opt/Beekeeper Studio/resources/app.asar/node_modules/mysql2/lib/packet_parser.js:75:16)
    at Socket.<anonymous> (/opt/Beekeeper Studio/resources/app.asar/node_modules/mysql2/lib/connection.js:92:25)
    at Socket.emit (events.js:315:20)
    at addChunk (internal/streams/readable.js:309:12)
    at readableAddChunk (internal/streams/readable.js:284:9)
    at Socket.Readable.push (internal/streams/readable.js:223:10)
[2022-04-22 10:37:05.409] [error] (query-editor)        Error: Invalid use of group function
    at Packet.asError (/opt/Beekeeper Studio/resources/app.asar/node_modules/mysql2/lib/packets/packet.js:728:17)
    at Query.execute (/opt/Beekeeper Studio/resources/app.asar/node_modules/mysql2/lib/commands/command.js:29:26)
    at PoolConnection.handlePacket (/opt/Beekeeper Studio/resources/app.asar/node_modules/mysql2/lib/connection.js:456:32)
    at PacketParser.onPacket (/opt/Beekeeper Studio/resources/app.asar/node_modules/mysql2/lib/connection.js:85:12)
    at PacketParser.executeStart (/opt/Beekeeper Studio/resources/app.asar/node_modules/mysql2/lib/packet_parser.js:75:16)
    at Socket.<anonymous> (/opt/Beekeeper Studio/resources/app.asar/node_modules/mysql2/lib/connection.js:92:25)
    at Socket.emit (events.js:315:20)
    at addChunk (internal/streams/readable.js:309:12)
    at readableAddChunk (internal/streams/readable.js:284:9)
    at Socket.Readable.push (internal/streams/readable.js:223:10)
[2022-04-22 10:37:05.762] [error] (query-editor)        Error: Invalid use of group function
    at Packet.asError (/opt/Beekeeper Studio/resources/app.asar/node_modules/mysql2/lib/packets/packet.js:728:17)
    at Query.execute (/opt/Beekeeper Studio/resources/app.asar/node_modules/mysql2/lib/commands/command.js:29:26)
    at PoolConnection.handlePacket (/opt/Beekeeper Studio/resources/app.asar/node_modules/mysql2/lib/connection.js:456:32)
    at PacketParser.onPacket (/opt/Beekeeper Studio/resources/app.asar/node_modules/mysql2/lib/connection.js:85:12)
    at PacketParser.executeStart (/opt/Beekeeper Studio/resources/app.asar/node_modules/mysql2/lib/packet_parser.js:75:16)
    at Socket.<anonymous> (/opt/Beekeeper Studio/resources/app.asar/node_modules/mysql2/lib/connection.js:92:25)
    at Socket.emit (events.js:315:20)
    at addChunk (internal/streams/readable.js:309:12)
    at readableAddChunk (internal/streams/readable.js:284:9)
    at Socket.Readable.push (internal/streams/readable.js:223:10)
[2022-04-22 10:37:22.099] [error] (query-editor)        Error: Unknown column 'total' in 'where clause'
    at Packet.asError (/opt/Beekeeper Studio/resources/app.asar/node_modules/mysql2/lib/packets/packet.js:728:17)
    at Query.execute (/opt/Beekeeper Studio/resources/app.asar/node_modules/mysql2/lib/commands/command.js:29:26)
    at PoolConnection.handlePacket (/opt/Beekeeper Studio/resources/app.asar/node_modules/mysql2/lib/connection.js:456:32)
    at PacketParser.onPacket (/opt/Beekeeper Studio/resources/app.asar/node_modules/mysql2/lib/connection.js:85:12)
    at PacketParser.executeStart (/opt/Beekeeper Studio/resources/app.asar/node_modules/mysql2/lib/packet_parser.js:75:16)
    at Socket.<anonymous> (/opt/Beekeeper Studio/resources/app.asar/node_modules/mysql2/lib/connection.js:92:25)
    at Socket.emit (events.js:315:20)
    at addChunk (internal/streams/readable.js:309:12)
    at readableAddChunk (internal/streams/readable.js:284:9)
    at Socket.Readable.push (internal/streams/readable.js:223:10)
[2022-04-22 11:02:01.221] [error] (query-editor)        Error: Invalid use of group function
    at Packet.asError (/opt/Beekeeper Studio/resources/app.asar/node_modules/mysql2/lib/packets/packet.js:728:17)
    at Query.execute (/opt/Beekeeper Studio/resources/app.asar/node_modules/mysql2/lib/commands/command.js:29:26)
    at PoolConnection.handlePacket (/opt/Beekeeper Studio/resources/app.asar/node_modules/mysql2/lib/connection.js:456:32)
    at PacketParser.onPacket (/opt/Beekeeper Studio/resources/app.asar/node_modules/mysql2/lib/connection.js:85:12)
    at PacketParser.executeStart (/opt/Beekeeper Studio/resources/app.asar/node_modules/mysql2/lib/packet_parser.js:75:16)
    at Socket.<anonymous> (/opt/Beekeeper Studio/resources/app.asar/node_modules/mysql2/lib/connection.js:92:25)
    at Socket.emit (events.js:315:20)
    at addChunk (internal/streams/readable.js:309:12)
    at readableAddChunk (internal/streams/readable.js:284:9)
    at Socket.Readable.push (internal/streams/readable.js:223:10)
[2022-04-22 11:02:15.699] [error] (query-editor)        Error: Unknown column 'total' in 'where clause'
    at Packet.asError (/opt/Beekeeper Studio/resources/app.asar/node_modules/mysql2/lib/packets/packet.js:728:17)
    at Query.execute (/opt/Beekeeper Studio/resources/app.asar/node_modules/mysql2/lib/commands/command.js:29:26)
    at PoolConnection.handlePacket (/opt/Beekeeper Studio/resources/app.asar/node_modules/mysql2/lib/connection.js:456:32)
    at PacketParser.onPacket (/opt/Beekeeper Studio/resources/app.asar/node_modules/mysql2/lib/connection.js:85:12)
    at PacketParser.executeStart (/opt/Beekeeper Studio/resources/app.asar/node_modules/mysql2/lib/packet_parser.js:75:16)
    at Socket.<anonymous> (/opt/Beekeeper Studio/resources/app.asar/node_modules/mysql2/lib/connection.js:92:25)
    at Socket.emit (events.js:315:20)
    at addChunk (internal/streams/readable.js:309:12)
    at readableAddChunk (internal/streams/readable.js:284:9)
    at Socket.Readable.push (internal/streams/readable.js:223:10)
[2022-04-22 11:17:01.925] [error] (query-editor)        Error: Unknown column 'total' in 'where clause'
    at Packet.asError (/opt/Beekeeper Studio/resources/app.asar/node_modules/mysql2/lib/packets/packet.js:728:17)
    at Query.execute (/opt/Beekeeper Studio/resources/app.asar/node_modules/mysql2/lib/commands/command.js:29:26)
    at PoolConnection.handlePacket (/opt/Beekeeper Studio/resources/app.asar/node_modules/mysql2/lib/connection.js:456:32)
    at PacketParser.onPacket (/opt/Beekeeper Studio/resources/app.asar/node_modules/mysql2/lib/connection.js:85:12)
    at PacketParser.executeStart (/opt/Beekeeper Studio/resources/app.asar/node_modules/mysql2/lib/packet_parser.js:75:16)
    at Socket.<anonymous> (/opt/Beekeeper Studio/resources/app.asar/node_modules/mysql2/lib/connection.js:92:25)
    at Socket.emit (events.js:315:20)
    at addChunk (internal/streams/readable.js:309:12)
    at readableAddChunk (internal/streams/readable.js:284:9)
    at Socket.Readable.push (internal/streams/readable.js:223:10)
[2022-04-22 11:17:04.170] [error] (query-editor)        Error: Unknown column 'total' in 'where clause'
    at Packet.asError (/opt/Beekeeper Studio/resources/app.asar/node_modules/mysql2/lib/packets/packet.js:728:17)
    at Query.execute (/opt/Beekeeper Studio/resources/app.asar/node_modules/mysql2/lib/commands/command.js:29:26)
    at PoolConnection.handlePacket (/opt/Beekeeper Studio/resources/app.asar/node_modules/mysql2/lib/connection.js:456:32)
    at PacketParser.onPacket (/opt/Beekeeper Studio/resources/app.asar/node_modules/mysql2/lib/connection.js:85:12)
    at PacketParser.executeStart (/opt/Beekeeper Studio/resources/app.asar/node_modules/mysql2/lib/packet_parser.js:75:16)
    at Socket.<anonymous> (/opt/Beekeeper Studio/resources/app.asar/node_modules/mysql2/lib/connection.js:92:25)
    at Socket.emit (events.js:315:20)
    at addChunk (internal/streams/readable.js:309:12)
    at readableAddChunk (internal/streams/readable.js:284:9)
    at Socket.Readable.push (internal/streams/readable.js:223:10)
[2022-04-22 11:17:10.586] [error] (query-editor)        Error: Unknown column 'total' in 'where clause'
    at Packet.asError (/opt/Beekeeper Studio/resources/app.asar/node_modules/mysql2/lib/packets/packet.js:728:17)
    at Query.execute (/opt/Beekeeper Studio/resources/app.asar/node_modules/mysql2/lib/commands/command.js:29:26)
    at PoolConnection.handlePacket (/opt/Beekeeper Studio/resources/app.asar/node_modules/mysql2/lib/connection.js:456:32)
    at PacketParser.onPacket (/opt/Beekeeper Studio/resources/app.asar/node_modules/mysql2/lib/connection.js:85:12)
    at PacketParser.executeStart (/opt/Beekeeper Studio/resources/app.asar/node_modules/mysql2/lib/packet_parser.js:75:16)
    at Socket.<anonymous> (/opt/Beekeeper Studio/resources/app.asar/node_modules/mysql2/lib/connection.js:92:25)
    at Socket.emit (events.js:315:20)
    at addChunk (internal/streams/readable.js:309:12)
    at readableAddChunk (internal/streams/readable.js:284:9)
    at Socket.Readable.push (internal/streams/readable.js:223:10)
[2022-04-22 11:17:12.705] [error] (query-editor)        Error: Unknown column 'total' in 'where clause'
    at Packet.asError (/opt/Beekeeper Studio/resources/app.asar/node_modules/mysql2/lib/packets/packet.js:728:17)
    at Query.execute (/opt/Beekeeper Studio/resources/app.asar/node_modules/mysql2/lib/commands/command.js:29:26)
    at PoolConnection.handlePacket (/opt/Beekeeper Studio/resources/app.asar/node_modules/mysql2/lib/connection.js:456:32)
    at PacketParser.onPacket (/opt/Beekeeper Studio/resources/app.asar/node_modules/mysql2/lib/connection.js:85:12)
    at PacketParser.executeStart (/opt/Beekeeper Studio/resources/app.asar/node_modules/mysql2/lib/packet_parser.js:75:16)
    at Socket.<anonymous> (/opt/Beekeeper Studio/resources/app.asar/node_modules/mysql2/lib/connection.js:92:25)
    at Socket.emit (events.js:315:20)
    at addChunk (internal/streams/readable.js:309:12)
    at readableAddChunk (internal/streams/readable.js:284:9)
    at Socket.Readable.push (internal/streams/readable.js:223:10)
[2022-04-22 11:17:48.644] [error] (query-editor)        Error: Unknown column 'qtecde' in 'field list'
    at Packet.asError (/opt/Beekeeper Studio/resources/app.asar/node_modules/mysql2/lib/packets/packet.js:728:17)
    at Query.execute (/opt/Beekeeper Studio/resources/app.asar/node_modules/mysql2/lib/commands/command.js:29:26)
    at PoolConnection.handlePacket (/opt/Beekeeper Studio/resources/app.asar/node_modules/mysql2/lib/connection.js:456:32)
    at PacketParser.onPacket (/opt/Beekeeper Studio/resources/app.asar/node_modules/mysql2/lib/connection.js:85:12)
    at PacketParser.executeStart (/opt/Beekeeper Studio/resources/app.asar/node_modules/mysql2/lib/packet_parser.js:75:16)
    at Socket.<anonymous> (/opt/Beekeeper Studio/resources/app.asar/node_modules/mysql2/lib/connection.js:92:25)
    at Socket.emit (events.js:315:20)
    at addChunk (internal/streams/readable.js:309:12)
    at readableAddChunk (internal/streams/readable.js:284:9)
    at Socket.Readable.push (internal/streams/readable.js:223:10)
[2022-04-22 11:18:00.866] [error] (query-editor)        Error: Unknown column 'total' in 'where clause'
    at Packet.asError (/opt/Beekeeper Studio/resources/app.asar/node_modules/mysql2/lib/packets/packet.js:728:17)
    at Query.execute (/opt/Beekeeper Studio/resources/app.asar/node_modules/mysql2/lib/commands/command.js:29:26)
    at PoolConnection.handlePacket (/opt/Beekeeper Studio/resources/app.asar/node_modules/mysql2/lib/connection.js:456:32)
    at PacketParser.onPacket (/opt/Beekeeper Studio/resources/app.asar/node_modules/mysql2/lib/connection.js:85:12)
    at PacketParser.executeStart (/opt/Beekeeper Studio/resources/app.asar/node_modules/mysql2/lib/packet_parser.js:75:16)
    at Socket.<anonymous> (/opt/Beekeeper Studio/resources/app.asar/node_modules/mysql2/lib/connection.js:92:25)
    at Socket.emit (events.js:315:20)
    at addChunk (internal/streams/readable.js:309:12)
    at readableAddChunk (internal/streams/readable.js:284:9)
    at Socket.Readable.push (internal/streams/readable.js:223:10)
[2022-04-22 11:21:31.588] [error] (query-editor)        Error: You have an error in your SQL syntax; check the manual that corresponds to your MariaDB server version for the right syntax to use near 'where total > 10000 and qtecde < 1000
group by numcom' at line 2
    at Packet.asError (/opt/Beekeeper Studio/resources/app.asar/node_modules/mysql2/lib/packets/packet.js:728:17)
    at Query.execute (/opt/Beekeeper Studio/resources/app.asar/node_modules/mysql2/lib/commands/command.js:29:26)
    at PoolConnection.handlePacket (/opt/Beekeeper Studio/resources/app.asar/node_modules/mysql2/lib/connection.js:456:32)
    at PacketParser.onPacket (/opt/Beekeeper Studio/resources/app.asar/node_modules/mysql2/lib/connection.js:85:12)
    at PacketParser.executeStart (/opt/Beekeeper Studio/resources/app.asar/node_modules/mysql2/lib/packet_parser.js:75:16)
    at Socket.<anonymous> (/opt/Beekeeper Studio/resources/app.asar/node_modules/mysql2/lib/connection.js:92:25)
    at Socket.emit (events.js:315:20)
    at addChunk (internal/streams/readable.js:309:12)
    at readableAddChunk (internal/streams/readable.js:284:9)
    at Socket.Readable.push (internal/streams/readable.js:223:10)
[2022-04-22 11:21:53.326] [error] (query-editor)        Error: Unknown column 'qtecde' in 'where clause'
    at Packet.asError (/opt/Beekeeper Studio/resources/app.asar/node_modules/mysql2/lib/packets/packet.js:728:17)
    at Query.execute (/opt/Beekeeper Studio/resources/app.asar/node_modules/mysql2/lib/commands/command.js:29:26)
    at PoolConnection.handlePacket (/opt/Beekeeper Studio/resources/app.asar/node_modules/mysql2/lib/connection.js:456:32)
    at PacketParser.onPacket (/opt/Beekeeper Studio/resources/app.asar/node_modules/mysql2/lib/connection.js:85:12)
    at PacketParser.executeStart (/opt/Beekeeper Studio/resources/app.asar/node_modules/mysql2/lib/packet_parser.js:75:16)
    at Socket.<anonymous> (/opt/Beekeeper Studio/resources/app.asar/node_modules/mysql2/lib/connection.js:92:25)
    at Socket.emit (events.js:315:20)
    at addChunk (internal/streams/readable.js:309:12)
    at readableAddChunk (internal/streams/readable.js:284:9)
    at Socket.Readable.push (internal/streams/readable.js:223:10)
[2022-04-25 12:04:08.094] [error] (query-editor)        Error: Column 'UnitPrice' in field list is ambiguous
    at Packet.asError (/opt/Beekeeper Studio/resources/app.asar/node_modules/mysql2/lib/packets/packet.js:728:17)
    at Query.execute (/opt/Beekeeper Studio/resources/app.asar/node_modules/mysql2/lib/commands/command.js:29:26)
    at PoolConnection.handlePacket (/opt/Beekeeper Studio/resources/app.asar/node_modules/mysql2/lib/connection.js:456:32)
    at PacketParser.onPacket (/opt/Beekeeper Studio/resources/app.asar/node_modules/mysql2/lib/connection.js:85:12)
    at PacketParser.executeStart (/opt/Beekeeper Studio/resources/app.asar/node_modules/mysql2/lib/packet_parser.js:75:16)
    at Socket.<anonymous> (/opt/Beekeeper Studio/resources/app.asar/node_modules/mysql2/lib/connection.js:92:25)
    at Socket.emit (events.js:315:20)
    at addChunk (internal/streams/readable.js:309:12)
    at readableAddChunk (internal/streams/readable.js:284:9)
    at Socket.Readable.push (internal/streams/readable.js:223:10)
[2022-04-25 12:06:37.242] [error] (query-editor)        Error: You have an error in your SQL syntax; check the manual that corresponds to your MariaDB server version for the right syntax to use near ') as ca97
from products
join `order details` on products.ProductID = `order d...' at line 1
    at Packet.asError (/opt/Beekeeper Studio/resources/app.asar/node_modules/mysql2/lib/packets/packet.js:728:17)
    at Query.execute (/opt/Beekeeper Studio/resources/app.asar/node_modules/mysql2/lib/commands/command.js:29:26)
    at PoolConnection.handlePacket (/opt/Beekeeper Studio/resources/app.asar/node_modules/mysql2/lib/connection.js:456:32)
    at PacketParser.onPacket (/opt/Beekeeper Studio/resources/app.asar/node_modules/mysql2/lib/connection.js:85:12)
    at PacketParser.executeStart (/opt/Beekeeper Studio/resources/app.asar/node_modules/mysql2/lib/packet_parser.js:75:16)
    at Socket.<anonymous> (/opt/Beekeeper Studio/resources/app.asar/node_modules/mysql2/lib/connection.js:92:25)
    at Socket.emit (events.js:315:20)
    at addChunk (internal/streams/readable.js:309:12)
    at readableAddChunk (internal/streams/readable.js:284:9)
    at Socket.Readable.push (internal/streams/readable.js:223:10)
[2022-04-25 12:11:48.645] [error] (query-editor)        Error: You have an error in your SQL syntax; check the manual that corresponds to your MariaDB server version for the right syntax to use near 'where year(OrderDate) = 1997' at line 5
    at Packet.asError (/opt/Beekeeper Studio/resources/app.asar/node_modules/mysql2/lib/packets/packet.js:728:17)
    at Query.execute (/opt/Beekeeper Studio/resources/app.asar/node_modules/mysql2/lib/commands/command.js:29:26)
    at PoolConnection.handlePacket (/opt/Beekeeper Studio/resources/app.asar/node_modules/mysql2/lib/connection.js:456:32)
    at PacketParser.onPacket (/opt/Beekeeper Studio/resources/app.asar/node_modules/mysql2/lib/connection.js:85:12)
    at PacketParser.executeStart (/opt/Beekeeper Studio/resources/app.asar/node_modules/mysql2/lib/packet_parser.js:75:16)
    at Socket.<anonymous> (/opt/Beekeeper Studio/resources/app.asar/node_modules/mysql2/lib/connection.js:92:25)
    at Socket.emit (events.js:315:20)
    at addChunk (internal/streams/readable.js:309:12)
    at readableAddChunk (internal/streams/readable.js:284:9)
    at Socket.Readable.push (internal/streams/readable.js:223:10)
[2022-04-25 12:12:15.080] [error] (query-editor)        Error: Unknown column 'OrderDate' in 'having clause'
    at Packet.asError (/opt/Beekeeper Studio/resources/app.asar/node_modules/mysql2/lib/packets/packet.js:728:17)
    at Query.execute (/opt/Beekeeper Studio/resources/app.asar/node_modules/mysql2/lib/commands/command.js:29:26)
    at PoolConnection.handlePacket (/opt/Beekeeper Studio/resources/app.asar/node_modules/mysql2/lib/connection.js:456:32)
    at PacketParser.onPacket (/opt/Beekeeper Studio/resources/app.asar/node_modules/mysql2/lib/connection.js:85:12)
    at PacketParser.executeStart (/opt/Beekeeper Studio/resources/app.asar/node_modules/mysql2/lib/packet_parser.js:75:16)
    at Socket.<anonymous> (/opt/Beekeeper Studio/resources/app.asar/node_modules/mysql2/lib/connection.js:92:25)
    at Socket.emit (events.js:315:20)
    at addChunk (internal/streams/readable.js:309:12)
    at readableAddChunk (internal/streams/readable.js:284:9)
    at Socket.Readable.push (internal/streams/readable.js:223:10)
[2022-04-25 12:12:37.202] [error] (query-editor)        Error: You have an error in your SQL syntax; check the manual that corresponds to your MariaDB server version for the right syntax to use near 'where year(OrderDate) = 1997' at line 5
    at Packet.asError (/opt/Beekeeper Studio/resources/app.asar/node_modules/mysql2/lib/packets/packet.js:728:17)
    at Query.execute (/opt/Beekeeper Studio/resources/app.asar/node_modules/mysql2/lib/commands/command.js:29:26)
    at PoolConnection.handlePacket (/opt/Beekeeper Studio/resources/app.asar/node_modules/mysql2/lib/connection.js:456:32)
    at PacketParser.onPacket (/opt/Beekeeper Studio/resources/app.asar/node_modules/mysql2/lib/connection.js:85:12)
    at PacketParser.executeStart (/opt/Beekeeper Studio/resources/app.asar/node_modules/mysql2/lib/packet_parser.js:75:16)
    at Socket.<anonymous> (/opt/Beekeeper Studio/resources/app.asar/node_modules/mysql2/lib/connection.js:92:25)
    at Socket.emit (events.js:315:20)
    at addChunk (internal/streams/readable.js:309:12)
    at readableAddChunk (internal/streams/readable.js:284:9)
    at Socket.Readable.push (internal/streams/readable.js:223:10)
[2022-04-25 12:13:12.412] [error] (query-editor)        Error: You have an error in your SQL syntax; check the manual that corresponds to your MariaDB server version for the right syntax to use near 'where year(OrderDate) = 1997' at line 5
    at Packet.asError (/opt/Beekeeper Studio/resources/app.asar/node_modules/mysql2/lib/packets/packet.js:728:17)
    at Query.execute (/opt/Beekeeper Studio/resources/app.asar/node_modules/mysql2/lib/commands/command.js:29:26)
    at PoolConnection.handlePacket (/opt/Beekeeper Studio/resources/app.asar/node_modules/mysql2/lib/connection.js:456:32)
    at PacketParser.onPacket (/opt/Beekeeper Studio/resources/app.asar/node_modules/mysql2/lib/connection.js:85:12)
    at PacketParser.executeStart (/opt/Beekeeper Studio/resources/app.asar/node_modules/mysql2/lib/packet_parser.js:75:16)
    at Socket.<anonymous> (/opt/Beekeeper Studio/resources/app.asar/node_modules/mysql2/lib/connection.js:92:25)
    at Socket.emit (events.js:315:20)
    at addChunk (internal/streams/readable.js:309:12)
    at readableAddChunk (internal/streams/readable.js:284:9)
    at Socket.Readable.push (internal/streams/readable.js:223:10)
[2022-04-25 12:13:28.721] [error] (query-editor)        Error: You have an error in your SQL syntax; check the manual that corresponds to your MariaDB server version for the right syntax to use near 'where year(OrderDate) = 1997
order by mois' at line 5
    at Packet.asError (/opt/Beekeeper Studio/resources/app.asar/node_modules/mysql2/lib/packets/packet.js:728:17)
    at Query.execute (/opt/Beekeeper Studio/resources/app.asar/node_modules/mysql2/lib/commands/command.js:29:26)
    at PoolConnection.handlePacket (/opt/Beekeeper Studio/resources/app.asar/node_modules/mysql2/lib/connection.js:456:32)
    at PacketParser.onPacket (/opt/Beekeeper Studio/resources/app.asar/node_modules/mysql2/lib/connection.js:85:12)
    at PacketParser.executeStart (/opt/Beekeeper Studio/resources/app.asar/node_modules/mysql2/lib/packet_parser.js:75:16)
    at Socket.<anonymous> (/opt/Beekeeper Studio/resources/app.asar/node_modules/mysql2/lib/connection.js:92:25)
    at Socket.emit (events.js:315:20)
    at addChunk (internal/streams/readable.js:309:12)
    at readableAddChunk (internal/streams/readable.js:284:9)
    at Socket.Readable.push (internal/streams/readable.js:223:10)
[2022-04-25 12:15:10.931] [error] (query-editor)        Error: Unknown column 'OrderDate' in 'having clause'
    at Packet.asError (/opt/Beekeeper Studio/resources/app.asar/node_modules/mysql2/lib/packets/packet.js:728:17)
    at Query.execute (/opt/Beekeeper Studio/resources/app.asar/node_modules/mysql2/lib/commands/command.js:29:26)
    at PoolConnection.handlePacket (/opt/Beekeeper Studio/resources/app.asar/node_modules/mysql2/lib/connection.js:456:32)
    at PacketParser.onPacket (/opt/Beekeeper Studio/resources/app.asar/node_modules/mysql2/lib/connection.js:85:12)
    at PacketParser.executeStart (/opt/Beekeeper Studio/resources/app.asar/node_modules/mysql2/lib/packet_parser.js:75:16)
    at Socket.<anonymous> (/opt/Beekeeper Studio/resources/app.asar/node_modules/mysql2/lib/connection.js:92:25)
    at Socket.emit (events.js:315:20)
    at addChunk (internal/streams/readable.js:309:12)
    at readableAddChunk (internal/streams/readable.js:284:9)
    at Socket.Readable.push (internal/streams/readable.js:223:10)
[2022-04-25 12:15:38.324] [error] (query-editor)        Error: Unknown column 'orders.OrderDate' in 'having clause'
    at Packet.asError (/opt/Beekeeper Studio/resources/app.asar/node_modules/mysql2/lib/packets/packet.js:728:17)
    at Query.execute (/opt/Beekeeper Studio/resources/app.asar/node_modules/mysql2/lib/commands/command.js:29:26)
    at PoolConnection.handlePacket (/opt/Beekeeper Studio/resources/app.asar/node_modules/mysql2/lib/connection.js:456:32)
    at PacketParser.onPacket (/opt/Beekeeper Studio/resources/app.asar/node_modules/mysql2/lib/connection.js:85:12)
    at PacketParser.executeStart (/opt/Beekeeper Studio/resources/app.asar/node_modules/mysql2/lib/packet_parser.js:75:16)
    at Socket.<anonymous> (/opt/Beekeeper Studio/resources/app.asar/node_modules/mysql2/lib/connection.js:92:25)
    at Socket.emit (events.js:315:20)
    at addChunk (internal/streams/readable.js:309:12)
    at readableAddChunk (internal/streams/readable.js:284:9)
    at Socket.Readable.push (internal/streams/readable.js:223:10)
[2022-04-25 12:15:55.917] [error] (query-editor)        Error: Unknown column 'orders.OrderDate' in 'having clause'
    at Packet.asError (/opt/Beekeeper Studio/resources/app.asar/node_modules/mysql2/lib/packets/packet.js:728:17)
    at Query.execute (/opt/Beekeeper Studio/resources/app.asar/node_modules/mysql2/lib/commands/command.js:29:26)
    at PoolConnection.handlePacket (/opt/Beekeeper Studio/resources/app.asar/node_modules/mysql2/lib/connection.js:456:32)
    at PacketParser.onPacket (/opt/Beekeeper Studio/resources/app.asar/node_modules/mysql2/lib/connection.js:85:12)
    at PacketParser.executeStart (/opt/Beekeeper Studio/resources/app.asar/node_modules/mysql2/lib/packet_parser.js:75:16)
    at Socket.<anonymous> (/opt/Beekeeper Studio/resources/app.asar/node_modules/mysql2/lib/connection.js:92:25)
    at Socket.emit (events.js:315:20)
    at addChunk (internal/streams/readable.js:309:12)
    at readableAddChunk (internal/streams/readable.js:284:9)
    at Socket.Readable.push (internal/streams/readable.js:223:10)
[2022-04-25 12:15:58.413] [error] (query-editor)        Error: Unknown column 'orders.OrderDate' in 'having clause'
    at Packet.asError (/opt/Beekeeper Studio/resources/app.asar/node_modules/mysql2/lib/packets/packet.js:728:17)
    at Query.execute (/opt/Beekeeper Studio/resources/app.asar/node_modules/mysql2/lib/commands/command.js:29:26)
    at PoolConnection.handlePacket (/opt/Beekeeper Studio/resources/app.asar/node_modules/mysql2/lib/connection.js:456:32)
    at PacketParser.onPacket (/opt/Beekeeper Studio/resources/app.asar/node_modules/mysql2/lib/connection.js:85:12)
    at PacketParser.executeStart (/opt/Beekeeper Studio/resources/app.asar/node_modules/mysql2/lib/packet_parser.js:75:16)
    at Socket.<anonymous> (/opt/Beekeeper Studio/resources/app.asar/node_modules/mysql2/lib/connection.js:92:25)
    at Socket.emit (events.js:315:20)
    at addChunk (internal/streams/readable.js:309:12)
    at readableAddChunk (internal/streams/readable.js:284:9)
    at Socket.Readable.push (internal/streams/readable.js:223:10)
[2022-04-25 12:16:26.686] [error] (query-editor)        Error: Unknown column 'orders.OrderDate' in 'having clause'
    at Packet.asError (/opt/Beekeeper Studio/resources/app.asar/node_modules/mysql2/lib/packets/packet.js:728:17)
    at Query.execute (/opt/Beekeeper Studio/resources/app.asar/node_modules/mysql2/lib/commands/command.js:29:26)
    at PoolConnection.handlePacket (/opt/Beekeeper Studio/resources/app.asar/node_modules/mysql2/lib/connection.js:456:32)
    at PacketParser.onPacket (/opt/Beekeeper Studio/resources/app.asar/node_modules/mysql2/lib/connection.js:85:12)
    at PacketParser.executeStart (/opt/Beekeeper Studio/resources/app.asar/node_modules/mysql2/lib/packet_parser.js:75:16)
    at Socket.<anonymous> (/opt/Beekeeper Studio/resources/app.asar/node_modules/mysql2/lib/connection.js:92:25)
    at Socket.emit (events.js:315:20)
    at addChunk (internal/streams/readable.js:309:12)
    at readableAddChunk (internal/streams/readable.js:284:9)
    at Socket.Readable.push (internal/streams/readable.js:223:10)
[2022-04-25 12:16:33.339] [error] (query-editor)        Error: Unknown column 'orders.OrderDate' in 'having clause'
    at Packet.asError (/opt/Beekeeper Studio/resources/app.asar/node_modules/mysql2/lib/packets/packet.js:728:17)
    at Query.execute (/opt/Beekeeper Studio/resources/app.asar/node_modules/mysql2/lib/commands/command.js:29:26)
    at PoolConnection.handlePacket (/opt/Beekeeper Studio/resources/app.asar/node_modules/mysql2/lib/connection.js:456:32)
    at PacketParser.onPacket (/opt/Beekeeper Studio/resources/app.asar/node_modules/mysql2/lib/connection.js:85:12)
    at PacketParser.executeStart (/opt/Beekeeper Studio/resources/app.asar/node_modules/mysql2/lib/packet_parser.js:75:16)
    at Socket.<anonymous> (/opt/Beekeeper Studio/resources/app.asar/node_modules/mysql2/lib/connection.js:92:25)
    at Socket.emit (events.js:315:20)
    at addChunk (internal/streams/readable.js:309:12)
    at readableAddChunk (internal/streams/readable.js:284:9)
    at Socket.Readable.push (internal/streams/readable.js:223:10)
[2022-04-25 16:55:01.851] [error] (query-editor)        Error: No database selected
    at Packet.asError (/opt/Beekeeper Studio/resources/app.asar/node_modules/mysql2/lib/packets/packet.js:728:17)
    at Query.execute (/opt/Beekeeper Studio/resources/app.asar/node_modules/mysql2/lib/commands/command.js:29:26)
    at PoolConnection.handlePacket (/opt/Beekeeper Studio/resources/app.asar/node_modules/mysql2/lib/connection.js:456:32)
    at PacketParser.onPacket (/opt/Beekeeper Studio/resources/app.asar/node_modules/mysql2/lib/connection.js:85:12)
    at PacketParser.executeStart (/opt/Beekeeper Studio/resources/app.asar/node_modules/mysql2/lib/packet_parser.js:75:16)
    at Socket.<anonymous> (/opt/Beekeeper Studio/resources/app.asar/node_modules/mysql2/lib/connection.js:92:25)
    at Socket.emit (events.js:315:20)
    at addChunk (internal/streams/readable.js:309:12)
    at readableAddChunk (internal/streams/readable.js:284:9)
    at Socket.Readable.push (internal/streams/readable.js:223:10)
[2022-04-27 12:02:37.426] [error] (query-editor)        Error: You have an error in your SQL syntax; check the manual that corresponds to your MariaDB server version for the right syntax to use near 'slect * from disc, artist' at line 1
    at Packet.asError (/opt/Beekeeper Studio/resources/app.asar/node_modules/mysql2/lib/packets/packet.js:728:17)
    at Query.execute (/opt/Beekeeper Studio/resources/app.asar/node_modules/mysql2/lib/commands/command.js:29:26)
    at PoolConnection.handlePacket (/opt/Beekeeper Studio/resources/app.asar/node_modules/mysql2/lib/connection.js:456:32)
    at PacketParser.onPacket (/opt/Beekeeper Studio/resources/app.asar/node_modules/mysql2/lib/connection.js:85:12)
    at PacketParser.executeStart (/opt/Beekeeper Studio/resources/app.asar/node_modules/mysql2/lib/packet_parser.js:75:16)
    at Socket.<anonymous> (/opt/Beekeeper Studio/resources/app.asar/node_modules/mysql2/lib/connection.js:92:25)
    at Socket.emit (events.js:315:20)
    at addChunk (internal/streams/readable.js:309:12)
    at readableAddChunk (internal/streams/readable.js:284:9)
    at Socket.Readable.push (internal/streams/readable.js:223:10)
[2022-04-27 12:03:15.587] [error] (query-editor)        Error: Not unique table/alias: 'artist'
    at Packet.asError (/opt/Beekeeper Studio/resources/app.asar/node_modules/mysql2/lib/packets/packet.js:728:17)
    at Query.execute (/opt/Beekeeper Studio/resources/app.asar/node_modules/mysql2/lib/commands/command.js:29:26)
    at PoolConnection.handlePacket (/opt/Beekeeper Studio/resources/app.asar/node_modules/mysql2/lib/connection.js:456:32)
    at PacketParser.onPacket (/opt/Beekeeper Studio/resources/app.asar/node_modules/mysql2/lib/connection.js:85:12)
    at PacketParser.executeStart (/opt/Beekeeper Studio/resources/app.asar/node_modules/mysql2/lib/packet_parser.js:75:16)
    at Socket.<anonymous> (/opt/Beekeeper Studio/resources/app.asar/node_modules/mysql2/lib/connection.js:92:25)
    at Socket.emit (events.js:315:20)
    at addChunk (internal/streams/readable.js:309:12)
    at readableAddChunk (internal/streams/readable.js:284:9)
    at Socket.Readable.push (internal/streams/readable.js:223:10)
[2022-04-27 12:04:01.386] [error] (query-editor)        Error: You have an error in your SQL syntax; check the manual that corresponds to your MariaDB server version for the right syntax to use near '* from disc, artist
join artist on disc.artist_id = artist.artist_id' at line 1
    at Packet.asError (/opt/Beekeeper Studio/resources/app.asar/node_modules/mysql2/lib/packets/packet.js:728:17)
    at Query.execute (/opt/Beekeeper Studio/resources/app.asar/node_modules/mysql2/lib/commands/command.js:29:26)
    at PoolConnection.handlePacket (/opt/Beekeeper Studio/resources/app.asar/node_modules/mysql2/lib/connection.js:456:32)
    at PacketParser.onPacket (/opt/Beekeeper Studio/resources/app.asar/node_modules/mysql2/lib/connection.js:85:12)
    at PacketParser.executeStart (/opt/Beekeeper Studio/resources/app.asar/node_modules/mysql2/lib/packet_parser.js:75:16)
    at Socket.<anonymous> (/opt/Beekeeper Studio/resources/app.asar/node_modules/mysql2/lib/connection.js:92:25)
    at Socket.emit (events.js:315:20)
    at addChunk (internal/streams/readable.js:309:12)
    at readableAddChunk (internal/streams/readable.js:284:9)
    at Socket.Readable.push (internal/streams/readable.js:223:10)
[2022-04-27 12:04:17.684] [error] (query-editor)        Error: Column 'artist_id' in field list is ambiguous
    at Packet.asError (/opt/Beekeeper Studio/resources/app.asar/node_modules/mysql2/lib/packets/packet.js:728:17)
    at Query.execute (/opt/Beekeeper Studio/resources/app.asar/node_modules/mysql2/lib/commands/command.js:29:26)
    at PoolConnection.handlePacket (/opt/Beekeeper Studio/resources/app.asar/node_modules/mysql2/lib/connection.js:456:32)
    at PacketParser.onPacket (/opt/Beekeeper Studio/resources/app.asar/node_modules/mysql2/lib/connection.js:85:12)
    at PacketParser.executeStart (/opt/Beekeeper Studio/resources/app.asar/node_modules/mysql2/lib/packet_parser.js:75:16)
    at Socket.<anonymous> (/opt/Beekeeper Studio/resources/app.asar/node_modules/mysql2/lib/connection.js:92:25)
    at Socket.emit (events.js:315:20)
    at addChunk (internal/streams/readable.js:309:12)
    at readableAddChunk (internal/streams/readable.js:284:9)
    at Socket.Readable.push (internal/streams/readable.js:223:10)
[2022-04-27 12:04:27.691] [error] (query-editor)        Error: Column 'artist_id' in field list is ambiguous
    at Packet.asError (/opt/Beekeeper Studio/resources/app.asar/node_modules/mysql2/lib/packets/packet.js:728:17)
    at Query.execute (/opt/Beekeeper Studio/resources/app.asar/node_modules/mysql2/lib/commands/command.js:29:26)
    at PoolConnection.handlePacket (/opt/Beekeeper Studio/resources/app.asar/node_modules/mysql2/lib/connection.js:456:32)
    at PacketParser.onPacket (/opt/Beekeeper Studio/resources/app.asar/node_modules/mysql2/lib/connection.js:85:12)
    at PacketParser.executeStart (/opt/Beekeeper Studio/resources/app.asar/node_modules/mysql2/lib/packet_parser.js:75:16)
    at Socket.<anonymous> (/opt/Beekeeper Studio/resources/app.asar/node_modules/mysql2/lib/connection.js:92:25)
    at Socket.emit (events.js:315:20)
    at addChunk (internal/streams/readable.js:309:12)
    at readableAddChunk (internal/streams/readable.js:284:9)
    at Socket.Readable.push (internal/streams/readable.js:223:10)
[2022-04-27 12:04:30.056] [error] (query-editor)        Error: Column 'artist_id' in field list is ambiguous
    at Packet.asError (/opt/Beekeeper Studio/resources/app.asar/node_modules/mysql2/lib/packets/packet.js:728:17)
    at Query.execute (/opt/Beekeeper Studio/resources/app.asar/node_modules/mysql2/lib/commands/command.js:29:26)
    at PoolConnection.handlePacket (/opt/Beekeeper Studio/resources/app.asar/node_modules/mysql2/lib/connection.js:456:32)
    at PacketParser.onPacket (/opt/Beekeeper Studio/resources/app.asar/node_modules/mysql2/lib/connection.js:85:12)
    at PacketParser.executeStart (/opt/Beekeeper Studio/resources/app.asar/node_modules/mysql2/lib/packet_parser.js:75:16)
    at Socket.<anonymous> (/opt/Beekeeper Studio/resources/app.asar/node_modules/mysql2/lib/connection.js:92:25)
    at Socket.emit (events.js:315:20)
    at addChunk (internal/streams/readable.js:309:12)
    at readableAddChunk (internal/streams/readable.js:284:9)
    at Socket.Readable.push (internal/streams/readable.js:223:10)
[2022-04-27 12:04:30.359] [error] (query-editor)        Error: Column 'artist_id' in field list is ambiguous
    at Packet.asError (/opt/Beekeeper Studio/resources/app.asar/node_modules/mysql2/lib/packets/packet.js:728:17)
    at Query.execute (/opt/Beekeeper Studio/resources/app.asar/node_modules/mysql2/lib/commands/command.js:29:26)
    at PoolConnection.handlePacket (/opt/Beekeeper Studio/resources/app.asar/node_modules/mysql2/lib/connection.js:456:32)
    at PacketParser.onPacket (/opt/Beekeeper Studio/resources/app.asar/node_modules/mysql2/lib/connection.js:85:12)
    at PacketParser.executeStart (/opt/Beekeeper Studio/resources/app.asar/node_modules/mysql2/lib/packet_parser.js:75:16)
    at Socket.<anonymous> (/opt/Beekeeper Studio/resources/app.asar/node_modules/mysql2/lib/connection.js:92:25)
    at Socket.emit (events.js:315:20)
    at addChunk (internal/streams/readable.js:309:12)
    at readableAddChunk (internal/streams/readable.js:284:9)
    at Socket.Readable.push (internal/streams/readable.js:223:10)
[2022-04-27 12:04:30.610] [error] (query-editor)        Error: Column 'artist_id' in field list is ambiguous
    at Packet.asError (/opt/Beekeeper Studio/resources/app.asar/node_modules/mysql2/lib/packets/packet.js:728:17)
    at Query.execute (/opt/Beekeeper Studio/resources/app.asar/node_modules/mysql2/lib/commands/command.js:29:26)
    at PoolConnection.handlePacket (/opt/Beekeeper Studio/resources/app.asar/node_modules/mysql2/lib/connection.js:456:32)
    at PacketParser.onPacket (/opt/Beekeeper Studio/resources/app.asar/node_modules/mysql2/lib/connection.js:85:12)
    at PacketParser.executeStart (/opt/Beekeeper Studio/resources/app.asar/node_modules/mysql2/lib/packet_parser.js:75:16)
    at Socket.<anonymous> (/opt/Beekeeper Studio/resources/app.asar/node_modules/mysql2/lib/connection.js:92:25)
    at Socket.emit (events.js:315:20)
    at addChunk (internal/streams/readable.js:309:12)
    at readableAddChunk (internal/streams/readable.js:284:9)
    at Socket.Readable.push (internal/streams/readable.js:223:10)
[2022-04-27 12:04:30.778] [error] (query-editor)        Error: Column 'artist_id' in field list is ambiguous
    at Packet.asError (/opt/Beekeeper Studio/resources/app.asar/node_modules/mysql2/lib/packets/packet.js:728:17)
    at Query.execute (/opt/Beekeeper Studio/resources/app.asar/node_modules/mysql2/lib/commands/command.js:29:26)
    at PoolConnection.handlePacket (/opt/Beekeeper Studio/resources/app.asar/node_modules/mysql2/lib/connection.js:456:32)
    at PacketParser.onPacket (/opt/Beekeeper Studio/resources/app.asar/node_modules/mysql2/lib/connection.js:85:12)
    at PacketParser.executeStart (/opt/Beekeeper Studio/resources/app.asar/node_modules/mysql2/lib/packet_parser.js:75:16)
    at Socket.<anonymous> (/opt/Beekeeper Studio/resources/app.asar/node_modules/mysql2/lib/connection.js:92:25)
    at Socket.emit (events.js:315:20)
    at addChunk (internal/streams/readable.js:309:12)
    at readableAddChunk (internal/streams/readable.js:284:9)
    at Socket.Readable.push (internal/streams/readable.js:223:10)
[2022-05-13 12:05:57.034] [error] (query-editor)        Error: Table 'records.disc' doesn't exist
    at Packet.asError (/opt/Beekeeper Studio/resources/app.asar/node_modules/mysql2/lib/packets/packet.js:728:17)
    at Query.execute (/opt/Beekeeper Studio/resources/app.asar/node_modules/mysql2/lib/commands/command.js:29:26)
    at PoolConnection.handlePacket (/opt/Beekeeper Studio/resources/app.asar/node_modules/mysql2/lib/connection.js:456:32)
    at PacketParser.onPacket (/opt/Beekeeper Studio/resources/app.asar/node_modules/mysql2/lib/connection.js:85:12)
    at PacketParser.executeStart (/opt/Beekeeper Studio/resources/app.asar/node_modules/mysql2/lib/packet_parser.js:75:16)
    at Socket.<anonymous> (/opt/Beekeeper Studio/resources/app.asar/node_modules/mysql2/lib/connection.js:92:25)
    at Socket.emit (events.js:315:20)
    at addChunk (internal/streams/readable.js:309:12)
    at readableAddChunk (internal/streams/readable.js:284:9)
    at Socket.Readable.push (internal/streams/readable.js:223:10)
[2022-05-13 12:08:21.609] [error] (query-editor)        Error: Unknown column 'album_id' in 'where clause'
    at Packet.asError (/opt/Beekeeper Studio/resources/app.asar/node_modules/mysql2/lib/packets/packet.js:728:17)
    at Query.execute (/opt/Beekeeper Studio/resources/app.asar/node_modules/mysql2/lib/commands/command.js:29:26)
    at PoolConnection.handlePacket (/opt/Beekeeper Studio/resources/app.asar/node_modules/mysql2/lib/connection.js:456:32)
    at PacketParser.onPacket (/opt/Beekeeper Studio/resources/app.asar/node_modules/mysql2/lib/connection.js:85:12)
    at PacketParser.executeStart (/opt/Beekeeper Studio/resources/app.asar/node_modules/mysql2/lib/packet_parser.js:75:16)
    at Socket.<anonymous> (/opt/Beekeeper Studio/resources/app.asar/node_modules/mysql2/lib/connection.js:92:25)
    at Socket.emit (events.js:315:20)
    at addChunk (internal/streams/readable.js:309:12)
    at readableAddChunk (internal/streams/readable.js:284:9)
    at Socket.Readable.push (internal/streams/readable.js:223:10)
[2022-05-31 16:02:29.950] [error] (query-editor)        SqliteError: no such column: polls_question.question_id
    at Database.prepare (/opt/Beekeeper Studio/resources/app.asar/node_modules/better-sqlite3/lib/methods/wrappers.js:5:21)
    at app://./js/app.11307514.js:1:290556
    at new Promise (<anonymous>)
    at a (app://./js/app.11307514.js:1:290492)
    at n (app://./js/app.11307514.js:1:290757)
    at Bh (app://./js/app.11307514.js:1:290837)
    at ph (app://./js/app.11307514.js:1:286327)
    at app://./js/app.11307514.js:1:285199
    at zh (app://./js/app.11307514.js:1:290940)
    at Object.execute (app://./js/app.11307514.js:1:285162)
[2022-06-02 15:41:07.485] [error] (ConnectionInterface) TypeError: Cannot open database because the directory does not exist
    at new Database (/opt/Beekeeper Studio/resources/app.asar/node_modules/better-sqlite3/lib/database.js:59:9)
    at zh (app://./js/app.11307514.js:1:290896)
    at Bh (app://./js/app.11307514.js:1:290853)
    at th (app://./js/app.11307514.js:1:283406)
    at wm (app://./js/app.11307514.js:1:299431)
    at b.connect (app://./js/app.11307514.js:1:398283)
    at Array.<anonymous> (app://./js/chunk-vendors.1d55ef3c.js:2433:6511)
    at b.dispatch (app://./js/chunk-vendors.1d55ef3c.js:2433:7846)
    at b.dispatch (app://./js/chunk-vendors.1d55ef3c.js:2433:3990)
    at submit (app://./js/app.11307514.js:1:377049)
[2022-06-13 14:31:55.505] [error] (ConnectionInterface) Error: connect ECONNREFUSED 127.0.0.1:3306
    at TCPConnectWrap.afterConnect [as oncomplete] (net.js:1146:16)
[2022-06-13 14:32:25.691] [error] (ConnectionInterface) Error: connect ECONNREFUSED 127.0.0.1:3306
    at TCPConnectWrap.afterConnect [as oncomplete] (net.js:1146:16)
[2022-06-13 14:33:32.409] [error] (ConnectionInterface) Error: connect ECONNREFUSED 127.0.0.1:3306
    at TCPConnectWrap.afterConnect [as oncomplete] (net.js:1146:16)
[2022-06-13 14:44:29.318] [error] (ConnectionInterface) Error: connect ECONNREFUSED 127.0.0.1:3306
    at TCPConnectWrap.afterConnect [as oncomplete] (net.js:1146:16)
[2022-06-13 14:44:33.433] [error] (ConnectionInterface) Error: connect ECONNREFUSED 127.0.0.1:3306
    at TCPConnectWrap.afterConnect [as oncomplete] (net.js:1146:16)
[2022-06-13 14:45:07.101] [error] (ConnectionInterface) Error: connect ECONNREFUSED 127.0.0.1:3306
    at TCPConnectWrap.afterConnect [as oncomplete] (net.js:1146:16)
[2022-06-13 14:45:38.557] [error] (ConnectionInterface) Error: connect ECONNREFUSED 127.0.0.1:3306
    at TCPConnectWrap.afterConnect [as oncomplete] (net.js:1146:16)
[2022-06-13 14:46:26.342] [error] (ConnectionInterface) Error: connect ECONNREFUSED 127.0.0.1:3306
    at TCPConnectWrap.afterConnect [as oncomplete] (net.js:1146:16)
[2022-06-13 14:46:30.308] [error] (ConnectionInterface) Error: connect ECONNREFUSED 127.0.0.1:3306
    at TCPConnectWrap.afterConnect [as oncomplete] (net.js:1146:16)
[2022-06-13 14:46:34.281] [error] (ConnectionInterface) Error: connect ECONNREFUSED 127.0.0.1:3306
    at TCPConnectWrap.afterConnect [as oncomplete] (net.js:1146:16)
[2022-06-13 14:46:50.076] [error] (ConnectionInterface) Error: connect ECONNREFUSED 127.0.0.1:3306
    at TCPConnectWrap.afterConnect [as oncomplete] (net.js:1146:16)
[2022-06-13 14:47:07.732] [error] (ConnectionInterface) Error: connect ECONNREFUSED 127.0.0.1:3306
    at TCPConnectWrap.afterConnect [as oncomplete] (net.js:1146:16)
[2022-06-13 14:47:23.079] [error] (ConnectionInterface) Error: connect ECONNREFUSED 127.0.0.1:3306
    at TCPConnectWrap.afterConnect [as oncomplete] (net.js:1146:16)
[2022-06-13 14:50:19.960] [error] (ConnectionInterface) Error: connect ECONNREFUSED 127.0.0.1:3306
    at TCPConnectWrap.afterConnect [as oncomplete] (net.js:1146:16)
[2022-06-13 14:52:06.630] [error] (ConnectionInterface) Error: connect ECONNREFUSED 127.0.0.1:3306
    at TCPConnectWrap.afterConnect [as oncomplete] (net.js:1146:16)
[2022-06-13 14:55:53.322] [error] (ConnectionInterface) Error: connect ECONNREFUSED 127.0.0.1:3306
    at TCPConnectWrap.afterConnect [as oncomplete] (net.js:1146:16)
[2022-06-13 15:01:40.257] [error] (ConnectionInterface) Error: connect ECONNREFUSED 127.0.0.1:3306
    at TCPConnectWrap.afterConnect [as oncomplete] (net.js:1146:16)
[2022-06-13 15:01:56.892] [error] (ConnectionInterface) Error: connect ECONNREFUSED 127.0.0.1:3306
    at TCPConnectWrap.afterConnect [as oncomplete] (net.js:1146:16)
[2022-06-14 15:19:19.102] [error] (ConnectionInterface) Error: connect ECONNREFUSED 127.0.0.1:3306
    at TCPConnectWrap.afterConnect [as oncomplete] (net.js:1146:16)
[2022-06-14 15:24:32.366] [error] (ConnectionInterface) Error: connect ECONNREFUSED 127.0.0.1:3306
    at TCPConnectWrap.afterConnect [as oncomplete] (net.js:1146:16)
[2022-06-14 15:31:52.292] [error] (ConnectionInterface) Error: connect ECONNREFUSED 127.0.0.1:3306
    at TCPConnectWrap.afterConnect [as oncomplete] (net.js:1146:16)
[2022-06-14 15:33:54.015] [error] (ConnectionInterface) Error: connect ECONNREFUSED 127.0.0.1:3306
    at TCPConnectWrap.afterConnect [as oncomplete] (net.js:1146:16)
[2022-06-14 16:38:42.568] [error] (mysql)               query exception:  Error: Field 'gro_num' doesn't have a default value
    at Packet.asError (/opt/Beekeeper Studio/resources/app.asar/node_modules/mysql2/lib/packets/packet.js:728:17)
    at Query.execute (/opt/Beekeeper Studio/resources/app.asar/node_modules/mysql2/lib/commands/command.js:29:26)
    at PoolConnection.handlePacket (/opt/Beekeeper Studio/resources/app.asar/node_modules/mysql2/lib/connection.js:456:32)
    at PacketParser.onPacket (/opt/Beekeeper Studio/resources/app.asar/node_modules/mysql2/lib/connection.js:85:12)
    at PacketParser.executeStart (/opt/Beekeeper Studio/resources/app.asar/node_modules/mysql2/lib/packet_parser.js:75:16)
    at Socket.<anonymous> (/opt/Beekeeper Studio/resources/app.asar/node_modules/mysql2/lib/connection.js:92:25)
    at Socket.emit (events.js:315:20)
    at addChunk (internal/streams/readable.js:309:12)
    at readableAddChunk (internal/streams/readable.js:284:9)
    at Socket.Readable.push (internal/streams/readable.js:223:10)
[2022-06-30 10:44:22.229] [error] (query-editor)        SqliteError: near "group": syntax error
    at Database.prepare (/opt/Beekeeper Studio/resources/app.asar/node_modules/better-sqlite3/lib/methods/wrappers.js:5:21)
    at app://./js/app.11307514.js:1:290556
    at new Promise (<anonymous>)
    at a (app://./js/app.11307514.js:1:290492)
    at n (app://./js/app.11307514.js:1:290757)
    at Bh (app://./js/app.11307514.js:1:290837)
    at ph (app://./js/app.11307514.js:1:286327)
    at app://./js/app.11307514.js:1:285199
    at zh (app://./js/app.11307514.js:1:290940)
    at Object.execute (app://./js/app.11307514.js:1:285162)
[2022-06-30 11:46:56.163] [error] (query-editor)        SqliteError: no such column: tag_id
    at Database.prepare (/opt/Beekeeper Studio/resources/app.asar/node_modules/better-sqlite3/lib/methods/wrappers.js:5:21)
    at app://./js/app.11307514.js:1:290556
    at new Promise (<anonymous>)
    at a (app://./js/app.11307514.js:1:290492)
    at n (app://./js/app.11307514.js:1:290757)
    at Bh (app://./js/app.11307514.js:1:290837)
    at ph (app://./js/app.11307514.js:1:286327)
    at app://./js/app.11307514.js:1:285199
    at zh (app://./js/app.11307514.js:1:290940)
    at Object.execute (app://./js/app.11307514.js:1:285162)
